[36;22mI/elog     [08-24 00:14:02] EasyLogger V2.1.0 is initialize success.[0m
[36;22mI/COMMON   [08-24 00:14:02] æ—¥å¿—æ¨¡å—åˆå§‹åŒ–å®Œæˆ...[0m
[36;22mI/SYS_CAPABILITY [08-24 00:14:02] parser sys config json success!
[0m
[36;22mI/SYS_PARAMETER [08-24 00:14:02] sys parameter load success![0m
[36;22mI/TASK_MANAGE [08-24 00:14:02] create task tid=[139703611754240], id=[1], name=[task_manage]
[0m
[36;22mI/TASK_MANAGE [08-24 00:14:02] tid=[139703611754240], name=[task_manage] run
[0m
[36;22mI/elog     [08-24 19:55:58] EasyLogger V2.1.0 is initialize success.[0m
[36;22mI/COMMON   [08-24 19:55:58] æ—¥å¿—æ¨¡å—åˆå§‹åŒ–å®Œæˆ...[0m
[36;22mI/SYS_CAPABILITY [08-24 19:55:58] parser sys config json success!
[0m
[36;22mI/SYS_PARAMETER [08-24 19:55:58] sys parameter load success![0m
[36;22mI/TASK_MANAGE [08-24 19:55:58] create task tid=[139810346305280], id=[1], name=[task_manage]
[0m
[36;22mI/TASK_MANAGE [08-24 19:55:58] tid=[139810346305280], name=[task_manage] run
[0m
[36;22mI/elog     [08-24 19:56:20] EasyLogger V2.1.0 is initialize success.[0m
[36;22mI/COMMON   [08-24 19:56:20] æ—¥å¿—æ¨¡å—åˆå§‹åŒ–å®Œæˆ...[0m
[36;22mI/SYS_CAPABILITY [08-24 19:56:20] parser sys config json success!
[0m
[36;22mI/SYS_PARAMETER [08-24 19:56:20] sys parameter load success![0m
[36;22mI/TASK_MANAGE [08-24 19:56:20] create task tid=[139981406799616], id=[1], name=[task_manage]
[0m
[36;22mI/TASK_MANAGE [08-24 19:56:20] tid=[139981406799616], name=[task_manage] run
[0m
[36;22mI/elog     [08-24 20:11:55] EasyLogger V2.1.0 is initialize success.[0m
[36;22mI/COMMON   [08-24 20:11:55] æ—¥å¿—æ¨¡å—åˆå§‹åŒ–å®Œæˆ...[0m
[36;22mI/SYS_CAPABILITY [08-24 20:11:55] parser sys config json success!
[0m
[36;22mI/SYS_PARAMETER [08-24 20:11:55] sys parameter load success![0m
[36;22mI/TASK_MANAGE [08-24 20:11:55] create task tid=[139756600493824], id=[1], name=[task_manage]
[0m
[36;22mI/TASK_MANAGE [08-24 20:11:55] tid=[139756600493824], name=[task_manage] run
[0m
[36;22mI/elog     [08-25 14:14:46] EasyLogger V2.1.0 is initialize success.[0m
[36;22mI/COMMON   [08-25 14:14:46] æ—¥å¿—æ¨¡å—åˆå§‹åŒ–å®Œæˆ...[0m
[36;22mI/SYS_CAPABILITY [08-25 14:14:46] parser sys config json success!
[0m
[36;22mI/SYS_PARAMETER [08-25 14:14:46] sys parameter load success![0m
[36;22mI/TASK_MANAGE [08-25 14:14:46] create task tid=[139947311302400], id=[1], name=[task_manage]
[0m
[36;22mI/TASK_MANAGE [08-25 14:14:46] tid=[139947311302400], name=[task_manage] run
[0m
[36;22mI/elog     [09-07 17:58:15] EasyLogger V2.1.0 is initialize success.[0m
[36;22mI/COMMON   [09-07 17:58:15] æ—¥å¿—æ¨¡å—åˆå§‹åŒ–å®Œæˆ...[0m
[36;22mI/SYS_CAPABILITY [09-07 17:58:15] parser sys config json success!
[0m
[36;22mI/SYS_PARAMETER [09-07 17:58:15] sys parameter load success![0m
[36;22mI/TASK_MANAGE [09-07 17:58:15] create task tid=[140297462286080], id=[1], name=[task_manage]
[0m
[36;22mI/TASK_MANAGE [09-07 17:58:15] tid=[140297462286080], name=[task_manage] run
[0m
[36;22mI/elog     [09-09 21:49:06] EasyLogger V2.1.0 is initialize success.[0m
[36;22mI/COMMON   [09-09 21:49:06] æ—¥å¿—æ¨¡å—åˆå§‹åŒ–å®Œæˆ...[0m
[36;22mI/SYS_CAPABILITY [09-09 21:49:06] parser sys config json success!
[0m
[36;22mI/SYS_PARAMETER [09-09 21:49:07] sys parameter load success![0m
[36;22mI/TASK_MANAGE [09-09 21:49:07] create task tid=[139942546573056], id=[1], name=[task_manage]
[0m
[36;22mI/TASK_MANAGE [09-09 21:49:07] tid=[139942546573056], name=[task_manage] run
[0m
[36;22mI/elog     [09-09 21:58:02] EasyLogger V2.1.0 is initialize success.[0m
[36;22mI/COMMON   [09-09 21:58:02] æ—¥å¿—æ¨¡å—åˆå§‹åŒ–å®Œæˆ...[0m
[36;22mI/SYS_CAPABILITY [09-09 21:58:02] parser sys config json success!
[0m
[36;22mI/SYS_PARAMETER [09-09 21:58:02] sys parameter load success![0m
[36;22mI/TASK_MANAGE [09-09 21:58:02] create task tid=[140280997545728], id=[1], name=[task_manage]
[0m
[36;22mI/TASK_MANAGE [09-09 21:58:02] tid=[140280997545728], name=[task_manage] run
[0m
[36;22mI/elog     [09-09 22:00:26] EasyLogger V2.1.0 is initialize success.[0m
[36;22mI/COMMON   [09-09 22:00:26] æ—¥å¿—æ¨¡å—åˆå§‹åŒ–å®Œæˆ...[0m
[36;22mI/SYS_CAPABILITY [09-09 22:00:26] parser sys config json success!
[0m
[36;22mI/SYS_PARAMETER [09-09 22:00:26] sys parameter load success![0m
[36;22mI/TASK_MANAGE [09-09 22:00:26] create task tid=[140079429781248], id=[1], name=[task_manage]
[0m
[36;22mI/TASK_MANAGE [09-09 22:00:26] tid=[140079429781248], name=[task_manage] run
[0m
[36;22mI/elog     [09-09 22:03:27] EasyLogger V2.1.0 is initialize success.[0m
[36;22mI/COMMON   [09-09 22:03:27] æ—¥å¿—æ¨¡å—åˆå§‹åŒ–å®Œæˆ...[0m
[36;22mI/SYS_CAPABILITY [09-09 22:03:27] parser sys config json success!
[0m
[36;22mI/SYS_PARAMETER [09-09 22:03:27] sys parameter load success![0m
[36;22mI/TASK_MANAGE [09-09 22:03:27] create task tid=[140414317692672], id=[1], name=[task_manage]
[0m
[36;22mI/TASK_MANAGE [09-09 22:03:27] tid=[140414317692672], name=[task_manage] run
[0m
[36;22mI/elog     [09-09 22:07:33] EasyLogger V2.1.0 is initialize success.[0m
[36;22mI/COMMON   [09-09 22:07:33] æ—¥å¿—æ¨¡å—åˆå§‹åŒ–å®Œæˆ...[0m
[36;22mI/SYS_CAPABILITY [09-09 22:07:33] parser sys config json success!
[0m
[36;22mI/SYS_PARAMETER [09-09 22:07:33] sys parameter load success![0m
[36;22mI/TASK_MANAGE [09-09 22:07:34] create task tid=[140198847907584], id=[1], name=[task_manage]
[0m
[36;22mI/TASK_MANAGE [09-09 22:07:34] tid=[140198847907584], name=[task_manage] run
[0m
[36;22mI/elog     [09-09 22:08:27] EasyLogger V2.1.0 is initialize success.[0m
[36;22mI/COMMON   [09-09 22:08:28] æ—¥å¿—æ¨¡å—åˆå§‹åŒ–å®Œæˆ...[0m
[36;22mI/SYS_CAPABILITY [09-09 22:08:28] parser sys config json success!
[0m
[36;22mI/SYS_PARAMETER [09-09 22:08:28] sys parameter load success![0m
[36;22mI/TASK_MANAGE [09-09 22:08:28] create task tid=[140216055039744], id=[1], name=[task_manage]
[0m
[36;22mI/TASK_MANAGE [09-09 22:08:28] tid=[140216055039744], name=[task_manage] run
[0m
[36;22mI/elog     [09-09 22:16:11] EasyLogger V2.1.0 is initialize success.[0m
[36;22mI/COMMON   [09-09 22:16:11] æ—¥å¿—æ¨¡å—åˆå§‹åŒ–å®Œæˆ...[0m
[36;22mI/SYS_CAPABILITY [09-09 22:16:11] parser sys config json success!
[0m
[36;22mI/SYS_PARAMETER [09-09 22:16:11] sys parameter load success![0m
[36;22mI/TASK_MANAGE [09-09 22:16:11] create task tid=[140212024313600], id=[1], name=[task_manage]
[0m
[36;22mI/TASK_MANAGE [09-09 22:16:11] tid=[140212024313600], name=[task_manage] run
[0m
[36;22mI/elog     [09-09 22:17:18] EasyLogger V2.1.0 is initialize success.[0m
[36;22mI/COMMON   [09-09 22:17:18] æ—¥å¿—æ¨¡å—åˆå§‹åŒ–å®Œæˆ...[0m
[36;22mI/SYS_CAPABILITY [09-09 22:17:18] parser sys config json success!
[0m
[36;22mI/SYS_PARAMETER [09-09 22:17:18] sys parameter load success![0m
[36;22mI/TASK_MANAGE [09-09 22:17:18] create task tid=[140683719935744], id=[1], name=[task_manage]
[0m
[36;22mI/TASK_MANAGE [09-09 22:17:18] tid=[140683719935744], name=[task_manage] run
[0m
[36;22mI/elog     [09-09 22:20:56] EasyLogger V2.1.0 is initialize success.[0m
[36;22mI/COMMON   [09-09 22:20:57] æ—¥å¿—æ¨¡å—åˆå§‹åŒ–å®Œæˆ...[0m
[36;22mI/SYS_CAPABILITY [09-09 22:20:57] parser sys config json success!
[0m
[36;22mI/SYS_PARAMETER [09-09 22:20:57] sys parameter load success![0m
[36;22mI/TASK_MANAGE [09-09 22:20:57] create task tid=[140022391441152], id=[1], name=[task_manage]
[0m
[36;22mI/TASK_MANAGE [09-09 22:20:57] tid=[140022391441152], name=[task_manage] run
[0m
[36;22mI/elog     [09-09 22:22:08] EasyLogger V2.1.0 is initialize success.[0m
[36;22mI/COMMON   [09-09 22:22:08] æ—¥å¿—æ¨¡å—åˆå§‹åŒ–å®Œæˆ...[0m
[36;22mI/SYS_CAPABILITY [09-09 22:22:08] parser sys config json success!
[0m
[36;22mI/SYS_PARAMETER [09-09 22:22:08] sys parameter load success![0m
[31;22mE/TASK_MANAGE [09-09 22:22:08 tid:0836 tid:13984] (task_manage.cpp task_create:59)stacksize too little : 8192, need over 16384
[0m
[36;22mI/elog     [09-09 22:24:41] EasyLogger V2.1.0 is initialize success.[0m
[36;22mI/COMMON   [09-09 22:24:41] æ—¥å¿—æ¨¡å—åˆå§‹åŒ–å®Œæˆ...[0m
[36;22mI/SYS_CAPABILITY [09-09 22:24:41] parser sys config json success!
[0m
[36;22mI/SYS_PARAMETER [09-09 22:24:41] sys parameter load success![0m
[36;22mI/TASK_MANAGE [09-09 22:24:41] create task tid=[139912952301312], id=[1], name=[task_manage]
[0m
[36;22mI/TASK_MANAGE [09-09 22:24:41] tid=[139912952301312], name=[task_manage] run
[0m
[36;22mI/elog     [09-09 22:27:29] EasyLogger V2.1.0 is initialize success.[0m
[36;22mI/COMMON   [09-09 22:27:29] æ—¥å¿—æ¨¡å—åˆå§‹åŒ–å®Œæˆ...[0m
[36;22mI/SYS_CAPABILITY [09-09 22:27:29] parser sys config json success!
[0m
[36;22mI/SYS_PARAMETER [09-09 22:27:29] sys parameter load success![0m
[36;22mI/TASK_MANAGE [09-09 22:27:29] create task tid=[140555168352000], id=[1], name=[task_manage]
[0m
[36;22mI/TASK_MANAGE [09-09 22:27:29] tid=[140555168352000], name=[task_manage] run
[0m
[36;22mI/elog     [09-09 22:31:02] EasyLogger V2.1.0 is initialize success.[0m
[36;22mI/COMMON   [09-09 22:31:02] æ—¥å¿—æ¨¡å—åˆå§‹åŒ–å®Œæˆ...[0m
[36;22mI/SYS_CAPABILITY [09-09 22:31:02] parser sys config json success!
[0m
[36;22mI/SYS_PARAMETER [09-09 22:31:02] sys parameter load success![0m
[36;22mI/TASK_MANAGE [09-09 22:31:02] create task tid=[140691160270592], id=[1], name=[task_manage]
[0m
[36;22mI/TASK_MANAGE [09-09 22:31:02] tid=[140691160270592], name=[task_manage] run
[0m
[36;22mI/elog     [09-09 22:31:27] EasyLogger V2.1.0 is initialize success.[0m
[36;22mI/COMMON   [09-09 22:31:27] æ—¥å¿—æ¨¡å—åˆå§‹åŒ–å®Œæˆ...[0m
[36;22mI/SYS_CAPABILITY [09-09 22:31:27] parser sys config json success!
[0m
[36;22mI/SYS_PARAMETER [09-09 22:31:27] sys parameter load success![0m
[36;22mI/TASK_MANAGE [09-09 22:31:27] create task tid=[139648516916992], id=[1], name=[task_manage]
[0m
[36;22mI/TASK_MANAGE [09-09 22:31:27] tid=[139648516916992], name=[task_manage] run
[0m
[36;22mI/elog     [09-10 21:42:48] EasyLogger V2.1.0 is initialize success.[0m
[36;22mI/COMMON   [09-10 21:42:48] æ—¥å¿—æ¨¡å—åˆå§‹åŒ–å®Œæˆ...[0m
[36;22mI/SYS_CAPABILITY [09-10 21:42:48] parser sys config json success!
[0m
[36;22mI/SYS_PARAMETER [09-10 21:42:48] sys parameter load success![0m
[36;22mI/elog     [09-10 21:44:08] EasyLogger V2.1.0 is initialize success.[0m
[36;22mI/COMMON   [09-10 21:44:08] æ—¥å¿—æ¨¡å—åˆå§‹åŒ–å®Œæˆ...[0m
[36;22mI/SYS_CAPABILITY [09-10 21:44:08] parser sys config json success!
[0m
[36;22mI/SYS_PARAMETER [09-10 21:44:08] sys parameter load success![0m
[31;22mE/TASK_MANAGE [09-10 21:44:08 tid:0514 tid:14066] (task_manage.cpp task_create:92)............1
[0m
[31;22mE/TASK_MANAGE [09-10 21:44:08 tid:0514 tid:14066] (task_manage.cpp task_create:95)............2
[0m
[36;22mI/elog     [09-10 21:44:32] EasyLogger V2.1.0 is initialize success.[0m
[36;22mI/COMMON   [09-10 21:44:33] æ—¥å¿—æ¨¡å—åˆå§‹åŒ–å®Œæˆ...[0m
[36;22mI/SYS_CAPABILITY [09-10 21:44:33] parser sys config json success!
[0m
[36;22mI/SYS_PARAMETER [09-10 21:44:33] sys parameter load success![0m
[31;22mE/TASK_MANAGE [09-10 21:44:33 tid:0568 tid:13992] (task_manage.cpp task_create:92)............1
[0m
[31;22mE/TASK_MANAGE [09-10 21:44:33 tid:0568 tid:13992] (task_manage.cpp task_create:95)............2
[0m
[31;22mE/TASK_MANAGE [09-10 21:44:33 tid:0568 tid:13992] (task_manage.cpp task_create:102)............3
[0m
[36;22mI/elog     [09-10 21:44:53] EasyLogger V2.1.0 is initialize success.[0m
[36;22mI/COMMON   [09-10 21:44:53] æ—¥å¿—æ¨¡å—åˆå§‹åŒ–å®Œæˆ...[0m
[36;22mI/SYS_CAPABILITY [09-10 21:44:53] parser sys config json success!
[0m
[36;22mI/SYS_PARAMETER [09-10 21:44:53] sys parameter load success![0m
[31;22mE/TASK_MANAGE [09-10 21:44:54 tid:0622 tid:14061] (task_manage.cpp task_create:92)............1
[0m
[31;22mE/TASK_MANAGE [09-10 21:44:54 tid:0622 tid:14061] (task_manage.cpp task_create:95)............2
[0m
[31;22mE/TASK_MANAGE [09-10 21:44:54 tid:0622 tid:14061] (task_manage.cpp task_create:102)............3
[0m
[31;22mE/TASK_MANAGE [09-10 21:44:54 tid:0622 tid:14061] (task_manage.cpp task_create:110)............3
[0m
[36;22mI/elog     [09-10 21:45:21] EasyLogger V2.1.0 is initialize success.[0m
[36;22mI/COMMON   [09-10 21:45:21] æ—¥å¿—æ¨¡å—åˆå§‹åŒ–å®Œæˆ...[0m
[36;22mI/SYS_CAPABILITY [09-10 21:45:21] parser sys config json success!
[0m
[36;22mI/SYS_PARAMETER [09-10 21:45:21] sys parameter load success![0m
[31;22mE/TASK_MANAGE [09-10 21:45:21 tid:0676 tid:13978] (task_manage.cpp task_create:92)............1
[0m
[31;22mE/TASK_MANAGE [09-10 21:45:21 tid:0676 tid:13978] (task_manage.cpp task_create:95)............2
[0m
[31;22mE/TASK_MANAGE [09-10 21:45:21 tid:0676 tid:13978] (task_manage.cpp task_create:102)............3
[0m
[31;22mE/TASK_MANAGE [09-10 21:45:21 tid:0676 tid:13978] (task_manage.cpp task_create:110)............3
[0m
[31;22mE/TASK_MANAGE [09-10 21:45:21 tid:0676 tid:13978] (task_manage.cpp task_create:128)............3
[0m
[31;22mE/TASK_MANAGE [09-10 21:45:21 tid:0676 tid:13978] (task_manage.cpp task_create:130)............3
[0m
[36;22mI/elog     [09-10 21:45:48] EasyLogger V2.1.0 is initialize success.[0m
[36;22mI/COMMON   [09-10 21:45:48] æ—¥å¿—æ¨¡å—åˆå§‹åŒ–å®Œæˆ...[0m
[36;22mI/SYS_CAPABILITY [09-10 21:45:48] parser sys config json success!
[0m
[36;22mI/SYS_PARAMETER [09-10 21:45:48] sys parameter load success![0m
[31;22mE/TASK_MANAGE [09-10 21:45:48 tid:0730 tid:14011] (task_manage.cpp task_create:92)............1
[0m
[31;22mE/TASK_MANAGE [09-10 21:45:48 tid:0730 tid:14011] (task_manage.cpp task_create:95)............2
[0m
[31;22mE/TASK_MANAGE [09-10 21:45:48 tid:0730 tid:14011] (task_manage.cpp task_create:102)............3
[0m
[31;22mE/TASK_MANAGE [09-10 21:45:48 tid:0730 tid:14011] (task_manage.cpp task_create:110)............3
[0m
[31;22mE/TASK_MANAGE [09-10 21:45:48 tid:0730 tid:14011] (task_manage.cpp task_create:128)............3
[0m
[31;22mE/TASK_MANAGE [09-10 21:45:48 tid:0730 tid:14011] (task_manage.cpp task_create:130)............3
[0m
[31;22mE/TASK_MANAGE [09-10 21:45:48 tid:0730 tid:14011] (task_manage.cpp task_create:134)............3
[0m
[36;22mI/elog     [09-10 21:46:39] EasyLogger V2.1.0 is initialize success.[0m
[36;22mI/COMMON   [09-10 21:46:39] æ—¥å¿—æ¨¡å—åˆå§‹åŒ–å®Œæˆ...[0m
[36;22mI/SYS_CAPABILITY [09-10 21:46:39] parser sys config json success!
[0m
[36;22mI/SYS_PARAMETER [09-10 21:46:39] sys parameter load success![0m
[31;22mE/TASK_MANAGE [09-10 21:46:39 tid:0780 tid:14029] (task_manage.cpp task_create:92)............1
[0m
[31;22mE/TASK_MANAGE [09-10 21:46:39 tid:0780 tid:14029] (task_manage.cpp task_create:95)............2
[0m
[31;22mE/TASK_MANAGE [09-10 21:46:39 tid:0780 tid:14029] (task_manage.cpp task_create:102)............3
[0m
[31;22mE/TASK_MANAGE [09-10 21:46:39 tid:0780 tid:14029] (task_manage.cpp task_create:110)............3
[0m
[31;22mE/TASK_MANAGE [09-10 21:46:39 tid:0780 tid:14029] (task_manage.cpp task_create:128)............3
[0m
[31;22mE/TASK_MANAGE [09-10 21:46:39 tid:0780 tid:14029] (task_manage.cpp task_create:130)............3
[0m
[31;22mE/TASK_MANAGE [09-10 21:46:39 tid:0780 tid:14029] (task_manage.cpp task_create:134)............3
[0m
[36;22mI/elog     [09-10 21:47:24] EasyLogger V2.1.0 is initialize success.[0m
[36;22mI/COMMON   [09-10 21:47:24] æ—¥å¿—æ¨¡å—åˆå§‹åŒ–å®Œæˆ...[0m
[36;22mI/SYS_CAPABILITY [09-10 21:47:24] parser sys config json success!
[0m
[36;22mI/SYS_PARAMETER [09-10 21:47:24] sys parameter load success![0m
[31;22mE/TASK_MANAGE [09-10 21:47:24 tid:0834 tid:14065] (task_manage.cpp task_create:92)............1
[0m
[31;22mE/TASK_MANAGE [09-10 21:47:24 tid:0834 tid:14065] (task_manage.cpp task_create:95)............2
[0m
[31;22mE/TASK_MANAGE [09-10 21:47:24 tid:0834 tid:14065] (task_manage.cpp task_create:102)............3
[0m
[31;22mE/TASK_MANAGE [09-10 21:47:24 tid:0834 tid:14065] (task_manage.cpp task_create:110)............3
[0m
[31;22mE/TASK_MANAGE [09-10 21:47:24 tid:0834 tid:14065] (task_manage.cpp task_create:128)............3
[0m
[31;22mE/TASK_MANAGE [09-10 21:47:24 tid:0834 tid:14065] (task_manage.cpp task_create:130)............3
[0m
[36;22mI/elog     [09-10 21:48:12] EasyLogger V2.1.0 is initialize success.[0m
[36;22mI/COMMON   [09-10 21:48:12] æ—¥å¿—æ¨¡å—åˆå§‹åŒ–å®Œæˆ...[0m
[36;22mI/SYS_CAPABILITY [09-10 21:48:13] parser sys config json success!
[0m
[36;22mI/SYS_PARAMETER [09-10 21:48:13] sys parameter load success![0m
[31;22mE/TASK_MANAGE [09-10 21:48:13 tid:0888 tid:14057] (task_manage.cpp task_create:92)............1
[0m
[31;22mE/TASK_MANAGE [09-10 21:48:13 tid:0888 tid:14057] (task_manage.cpp task_create:95)............2
[0m
[31;22mE/TASK_MANAGE [09-10 21:48:13 tid:0888 tid:14057] (task_manage.cpp task_create:102)............3
[0m
[31;22mE/TASK_MANAGE [09-10 21:48:13 tid:0888 tid:14057] (task_manage.cpp task_create:110)............3
[0m
[31;22mE/TASK_MANAGE [09-10 21:48:13 tid:0888 tid:14057] (task_manage.cpp task_create:128)............3
[0m
[36;22mI/TASK_MANAGE [09-10 21:48:13] create task tid=[140574552327936], id=[1], name=[task_manage]
[0m
[31;22mE/TASK_MANAGE [09-10 21:48:13 tid:0888 tid:14057] (task_manage.cpp task_create:131)............3
[0m
[31;22mE/TASK_MANAGE [09-10 21:48:13 tid:0888 tid:14057] (task_manage.cpp task_create:135)............3
[0m
[31;22mE/TASK_MANAGE [09-10 21:48:13 tid:0888 tid:14057] (task_manage.cpp task_create:137)............3
[0m
[36;22mI/TASK_MANAGE [09-10 21:48:13] tid=[140574552327936], name=[task_manage] run
[0m
[36;22mI/elog     [09-10 21:48:42] EasyLogger V2.1.0 is initialize success.[0m
[36;22mI/COMMON   [09-10 21:48:42] æ—¥å¿—æ¨¡å—åˆå§‹åŒ–å®Œæˆ...[0m
[36;22mI/SYS_CAPABILITY [09-10 21:48:42] parser sys config json success!
[0m
[36;22mI/SYS_PARAMETER [09-10 21:48:42] sys parameter load success![0m
[31;22mE/TASK_MANAGE [09-10 21:48:42 tid:0942 tid:14025] (task_manage.cpp task_create:92)............1
[0m
[31;22mE/TASK_MANAGE [09-10 21:48:42 tid:0942 tid:14025] (task_manage.cpp task_create:95)............2
[0m
[31;22mE/TASK_MANAGE [09-10 21:48:42 tid:0942 tid:14025] (task_manage.cpp task_create:102)............3
[0m
[31;22mE/TASK_MANAGE [09-10 21:48:42 tid:0942 tid:14025] (task_manage.cpp task_create:110)............3
[0m
[36;22mI/TASK_MANAGE [09-10 21:48:42] create task tid=[140255845779200], id=[1], name=[task_manage]
[0m
[36;22mI/TASK_MANAGE [09-10 21:48:42] tid=[140255845779200], name=[task_manage] run
[0m
[36;22mI/elog     [09-10 23:34:53] EasyLogger V2.1.0 is initialize success.[0m
[36;22mI/COMMON   [09-10 23:34:53] æ—¥å¿—æ¨¡å—åˆå§‹åŒ–å®Œæˆ...[0m
[36;22mI/SYS_CAPABILITY [09-10 23:34:53] parser sys config json success!
[0m
[36;22mI/SYS_PARAMETER [09-10 23:34:53] sys parameter load success![0m
[36;22mI/TASK_MANAGE [09-10 23:34:53] create task tid=[140157021947648], id=[1], name=[task_manage]
[0m
[36;22mI/TASK_MANAGE [09-10 23:34:53] tid=[140157021947648], name=[task_manage] run
[0m
[36;22mI/elog     [09-11 00:26:13] EasyLogger V2.1.0 is initialize success.[0m
[36;22mI/COMMON   [09-11 00:26:13] æ—¥å¿—æ¨¡å—åˆå§‹åŒ–å®Œæˆ...[0m
[36;22mI/SYS_CAPABILITY [09-11 00:26:13] parser sys config json success!
[0m
[36;22mI/SYS_PARAMETER [09-11 00:26:13] sys parameter load success![0m
[36;22mI/TASK_MANAGE [09-11 00:26:13] create task tid=[140234501228288], id=[1], name=[task_manage]
[0m
[36;22mI/TASK_MANAGE [09-11 00:26:13] tid=[140234501228288], name=[task_manage] run
[0m
[36;22mI/elog     [09-11 22:27:21] EasyLogger V2.1.0 is initialize success.[0m
[36;22mI/COMMON   [09-11 22:27:21] æ—¥å¿—æ¨¡å—åˆå§‹åŒ–å®Œæˆ...[0m
[36;22mI/SYS_CAPABILITY [09-11 22:27:21] parser sys config json success!
[0m
[36;22mI/SYS_PARAMETER [09-11 22:27:21] sys parameter load success![0m
[36;22mI/TASK_MANAGE [09-11 22:27:21] create task tid=[140271188739840], id=[1], name=[task_manage]
[0m
[36;22mI/TASK_MANAGE [09-11 22:27:21] tid=[140271188739840], name=[task_manage] run
[0m
[36;22mI/elog     [09-11 22:47:08] EasyLogger V2.1.0 is initialize success.[0m
[36;22mI/COMMON   [09-11 22:47:08] æ—¥å¿—æ¨¡å—åˆå§‹åŒ–å®Œæˆ...[0m
[36;22mI/SYS_CAPABILITY [09-11 22:47:08] parser sys config json success!
[0m
[36;22mI/SYS_PARAMETER [09-11 22:47:08] sys parameter load success![0m
[36;22mI/TASK_MANAGE [09-11 22:47:08] create task tid=[140624139224832], id=[1], name=[task_manage]
[0m
[36;22mI/TASK_MANAGE [09-11 22:47:08] tid=[140624139224832], name=[task_manage] run
[0m
[36;22mI/elog     [09-11 23:11:23] EasyLogger V2.1.0 is initialize success.[0m
[36;22mI/COMMON   [09-11 23:11:23] æ—¥å¿—æ¨¡å—åˆå§‹åŒ–å®Œæˆ...[0m
[36;22mI/SYS_CAPABILITY [09-11 23:11:23] parser sys config json success!
[0m
[36;22mI/SYS_PARAMETER [09-11 23:11:23] sys parameter load success![0m
[36;22mI/TASK_MANAGE [09-11 23:11:23] create task tid=[140108720342784], id=[1], name=[task_manage]
[0m
[36;22mI/TASK_MANAGE [09-11 23:11:23] tid=[140108720342784], name=[task_manage] run
[0m
[36;22mI/elog     [09-11 23:12:23] EasyLogger V2.1.0 is initialize success.[0m
[36;22mI/COMMON   [09-11 23:12:23] æ—¥å¿—æ¨¡å—åˆå§‹åŒ–å®Œæˆ...[0m
[36;22mI/SYS_CAPABILITY [09-11 23:12:23] parser sys config json success!
[0m
[36;22mI/SYS_PARAMETER [09-11 23:12:23] sys parameter load success![0m
[36;22mI/TASK_MANAGE [09-11 23:12:23] create task tid=[139639620077312], id=[1], name=[task_manage]
[0m
[36;22mI/TASK_MANAGE [09-11 23:12:23] tid=[139639620077312], name=[task_manage] run
[0m
[36;22mI/elog     [09-11 23:12:59] EasyLogger V2.1.0 is initialize success.[0m
[36;22mI/COMMON   [09-11 23:12:59] æ—¥å¿—æ¨¡å—åˆå§‹åŒ–å®Œæˆ...[0m
[36;22mI/SYS_CAPABILITY [09-11 23:12:59] parser sys config json success!
[0m
[36;22mI/SYS_PARAMETER [09-11 23:12:59] sys parameter load success![0m
[36;22mI/TASK_MANAGE [09-11 23:12:59] create task tid=[139925112588032], id=[1], name=[task_manage]
[0m
[36;22mI/TASK_MANAGE [09-11 23:12:59] tid=[139925112588032], name=[task_manage] run
[0m
[36;22mI/elog     [09-11 23:14:25] EasyLogger V2.1.0 is initialize success.[0m
[36;22mI/COMMON   [09-11 23:14:26] æ—¥å¿—æ¨¡å—åˆå§‹åŒ–å®Œæˆ...[0m
[36;22mI/SYS_CAPABILITY [09-11 23:14:26] parser sys config json success!
[0m
[36;22mI/SYS_PARAMETER [09-11 23:14:26] sys parameter load success![0m
[36;22mI/TASK_MANAGE [09-11 23:14:26] create task tid=[140564766295808], id=[1], name=[task_manage]
[0m
[36;22mI/TASK_MANAGE [09-11 23:14:26] tid=[140564766295808], name=[task_manage] run
[0m
[36;22mI/elog     [09-11 23:48:18] EasyLogger V2.1.0 is initialize success.[0m
[36;22mI/COMMON   [09-11 23:48:18] æ—¥å¿—æ¨¡å—åˆå§‹åŒ–å®Œæˆ...[0m
[36;22mI/SYS_CAPABILITY [09-11 23:48:18] parser sys config json success!
[0m
[36;22mI/SYS_PARAMETER [09-11 23:48:18] sys parameter load success![0m
[36;22mI/TASK_MANAGE [09-11 23:48:18] create task tid=[140264661419776], id=[1], name=[task_manage]
[0m
[36;22mI/TASK_MANAGE [09-11 23:48:19] tid=[140264661419776], name=[task_manage] run
[0m
[36;22mI/elog     [09-11 23:55:26] EasyLogger V2.1.0 is initialize success.[0m
[36;22mI/COMMON   [09-11 23:55:26] æ—¥å¿—æ¨¡å—åˆå§‹åŒ–å®Œæˆ...[0m
[36;22mI/SYS_CAPABILITY [09-11 23:55:26] parser sys config json success!
[0m
[36;22mI/SYS_PARAMETER [09-11 23:55:26] sys parameter load success![0m
[36;22mI/TASK_MANAGE [09-11 23:55:26] ä»»åŠ¡ç®¡ç†åˆå§‹åŒ–å®Œæˆ...
[0m
[36;22mI/elog     [09-13 10:53:10] EasyLogger V2.1.0 is initialize success.[0m
[36;22mI/COMMON   [09-13 10:53:10] æ—¥å¿—æ¨¡å—åˆå§‹åŒ–å®Œæˆ...[0m
[36;22mI/SYS_CAPABILITY [09-13 10:53:10] parser sys config json success!
[0m
[32;22mD/SYS_CAPABILITY [09-13 10:53:10 tid:0816 tid:14068] (sys_capability.cpp sys_capability_init:124)sys_config json : {
	"ai":	{
		"enable":	"true"
	}
}
[0m
[36;22mI/SYS_PARAMETER [09-13 10:53:10] sys parameter load success![0m
[32;22mD/TASK_MANAGE [09-13 10:53:10 tid:0816 tid:14068] (task_manage.cpp task_create:131)create task tid=[140686840137472], id=[1], name=[task_manage]
[0m
[36;22mI/TASK_MANAGE [09-13 10:53:10] ä»»åŠ¡ç®¡ç†åˆå§‹åŒ–å®Œæˆ...
[0m
[32;22mD/TASK_MANAGE [09-13 10:53:10 tid:0816 tid:14068] (task_manage.cpp task_run:584)tid=[140686840137472], name=[task_manage] run
[0m
[36;22mI/elog     [09-14 09:57:04] EasyLogger V2.1.0 is initialize success.[0m
[36;22mI/COMMON   [09-14 09:57:04] æ—¥å¿—æ¨¡å—åˆå§‹åŒ–å®Œæˆ...[0m
[36;22mI/SYS_CAPABILITY [09-14 09:57:04] parser sys config json success!
[0m
[32;22mD/SYS_CAPABILITY [09-14 09:57:04 tid:0529 tid:14066] (sys_capability.cpp sys_capability_init:108)sys_config json : ğaoÍÿ
[0m
[36;22mI/SYS_PARAMETER [09-14 09:57:04] sys parameter load success![0m
[32;22mD/TASK_MANAGE [09-14 09:57:04 tid:0529 tid:14066] (task_manage.cpp task_create:131)create task tid=[140662032926464], id=[1], name=[task_manage]
[0m
[36;22mI/TASK_MANAGE [09-14 09:57:04] ä»»åŠ¡ç®¡ç†åˆå§‹åŒ–å®Œæˆ...
[0m
[36;22mI/UPGRADE  [09-14 09:57:04] å‡çº§ä»»åŠ¡åˆå§‹åŒ–å®Œæˆ...
[0m
[32;22mD/TASK_MANAGE [09-14 09:57:04 tid:0529 tid:14066] (task_manage.cpp task_create:131)create task tid=[140662006023936], id=[2], name=[task_upgrade]
[0m
[32;22mD/TASK_MANAGE [09-14 09:57:04 tid:0529 tid:14066] (task_manage.cpp task_run:584)tid=[140662032926464], name=[task_manage] run
[0m
[32;22mD/TASK_MANAGE [09-14 09:57:04 tid:0529 tid:14066] (task_manage.cpp task_run:584)tid=[140662006023936], name=[task_upgrade] run
[0m
[36;22mI/elog     [09-14 09:59:10] EasyLogger V2.1.0 is initialize success.[0m
[36;22mI/COMMON   [09-14 09:59:10] æ—¥å¿—æ¨¡å—åˆå§‹åŒ–å®Œæˆ...[0m
[36;22mI/SYS_CAPABILITY [09-14 09:59:10] parser sys config json success!
[0m
[36;22mI/SYS_PARAMETER [09-14 09:59:10] sys parameter load success![0m
[36;22mI/TASK_MANAGE [09-14 09:59:11] ä»»åŠ¡ç®¡ç†åˆå§‹åŒ–å®Œæˆ...
[0m
[36;22mI/UPGRADE  [09-14 09:59:11] å‡çº§ä»»åŠ¡åˆå§‹åŒ–å®Œæˆ...
[0m
[36;22mI/elog     [09-14 10:01:47] EasyLogger V2.1.0 is initialize success.[0m
[36;22mI/COMMON   [09-14 10:01:47] æ—¥å¿—æ¨¡å—åˆå§‹åŒ–å®Œæˆ...[0m
[36;22mI/SYS_CAPABILITY [09-14 10:01:47] parser sys capability json success!
[0m
[36;22mI/SYS_PARAMETER [09-14 10:01:47] sys parameter load success![0m
[36;22mI/UPGRADE  [09-14 10:01:47] å‡çº§ä»»åŠ¡åˆå§‹åŒ–å®Œæˆ...
[0m
[36;22mI/TASK_MANAGE [09-14 10:01:47] ä»»åŠ¡ç®¡ç†åˆå§‹åŒ–å®Œæˆ...
[0m
[36;22mI/elog     [09-14 10:03:01] EasyLogger V2.1.0 is initialize success.[0m
[36;22mI/COMMON   [09-14 10:03:01] æ—¥å¿—æ¨¡å—åˆå§‹åŒ–å®Œæˆ...[0m
[36;22mI/SYS_CAPABILITY [09-14 10:03:01] parser sys capability json success!
[0m
[36;22mI/SYS_PARAMETER [09-14 10:03:01] sys parameter load success![0m
[36;22mI/UPGRADE  [09-14 10:03:01] å‡çº§ä»»åŠ¡åˆå§‹åŒ–å®Œæˆ...
[0m
[36;22mI/TASK_MANAGE [09-14 10:03:01] ä»»åŠ¡ç®¡ç†åˆå§‹åŒ–å®Œæˆ...
[0m
[36;22mI/elog     [09-14 10:05:10] EasyLogger V2.1.0 is initialize success.[0m
[36;22mI/COMMON   [09-14 10:05:11] æ—¥å¿—æ¨¡å—åˆå§‹åŒ–å®Œæˆ...[0m
[36;22mI/SYS_CAPABILITY [09-14 10:05:11] parser sys capability json success!
[0m
[32;22mD/SYS_CAPABILITY [09-14 10:05:11 tid:1317 tid:14032] (sys_capability.cpp sys_capability_init:108)sys_capability json : {
    "ai": {
        "enable": "true"
    }
}
[0m
[36;22mI/SYS_PARAMETER [09-14 10:05:11] sys parameter load success![0m
[32;22mD/TASK_MANAGE [09-14 10:05:11 tid:1317 tid:14032] (task_manage.cpp task_create:131)create task tid=[140325139744512], id=[1], name=[task_manage]
[0m
[36;22mI/UPGRADE  [09-14 10:05:11] å‡çº§ä»»åŠ¡åˆå§‹åŒ–å®Œæˆ...
[0m
[36;22mI/TASK_MANAGE [09-14 10:05:11] ä»»åŠ¡ç®¡ç†åˆå§‹åŒ–å®Œæˆ...
[0m
[32;22mD/TASK_MANAGE [09-14 10:05:11 tid:1317 tid:14032] (task_manage.cpp task_create:131)create task tid=[140325111138048], id=[2], name=[task_upgrade]
[0m
[32;22mD/TASK_MANAGE [09-14 10:05:11 tid:1317 tid:14032] (task_manage.cpp task_run:584)tid=[140325111138048], name=[task_upgrade] run
[0m
[32;22mD/TASK_MANAGE [09-14 10:05:11 tid:1317 tid:14032] (task_manage.cpp task_run:584)tid=[140325139744512], name=[task_manage] run
[0m
[36;22mI/elog     [09-14 11:43:20] EasyLogger V2.1.0 is initialize success.[0m
[36;22mI/COMMON   [09-14 11:43:20] æ—¥å¿—æ¨¡å—åˆå§‹åŒ–å®Œæˆ...[0m
[36;22mI/SYS_CAPABILITY [09-14 11:43:20] parser sys capability json success!
[0m
[32;22mD/SYS_CAPABILITY [09-14 11:43:20 tid:2230 tid:14043] (sys_capability.cpp sys_capability_init:108)sys_capability json : {
    "ai": {
        "enable": "true"
    },
    "service": {
        "network": {
            "host": {
                "tcp-port": 9001,
                "udp-port": 9002
            },
            "support": [
                "tcp",
                "udp"
            ]
        }
    }
}
[0m
[36;22mI/SYS_PARAMETER [09-14 11:43:20] sys parameter load success![0m
[32;22mD/TASK_MANAGE [09-14 11:43:20 tid:2230 tid:14043] (task_manage.cpp task_create:131)create task tid=[140436143834880], id=[1], name=[task_manage]
[0m
[36;22mI/TASK_MANAGE [09-14 11:43:20] ä»»åŠ¡ç®¡ç†åˆå§‹åŒ–å®Œæˆ...
[0m
[36;22mI/UPGRADE  [09-14 11:43:20] å‡çº§ä»»åŠ¡åˆå§‹åŒ–å®Œæˆ...
[0m
[32;22mD/TASK_MANAGE [09-14 11:43:20 tid:2230 tid:14043] (task_manage.cpp task_create:131)create task tid=[140436115490560], id=[2], name=[task_upgrade]
[0m
[32;22mD/TASK_MANAGE [09-14 11:43:20 tid:2230 tid:14043] (task_manage.cpp task_run:584)tid=[140436143834880], name=[task_manage] run
[0m
[32;22mD/TASK_MANAGE [09-14 11:43:20 tid:2230 tid:14043] (task_manage.cpp task_run:584)tid=[140436115490560], name=[task_upgrade] run
[0m
[36;22mI/elog     [09-14 11:48:09] EasyLogger V2.1.0 is initialize success.[0m
[36;22mI/COMMON   [09-14 11:48:09] æ—¥å¿—æ¨¡å—åˆå§‹åŒ–å®Œæˆ...[0m
[36;22mI/SYS_CAPABILITY [09-14 11:48:09] parser sys capability json success!
[0m
[32;22mD/SYS_CAPABILITY [09-14 11:48:09 tid:2424 tid:14072] (sys_capability.cpp sys_capability_init:108)sys_capability json : {
    "ai": {
        "enable": "true"
    },
    "service": {
        "network": {
            "host": {
                "tcp-port": 9001,
                "udp-port": 9002
            },
            "support": [
                "tcp",
                "udp"
            ]
        }
    }
}
[0m
[36;22mI/SYS_PARAMETER [09-14 11:48:09] save param 
[0m
[36;22mI/SYS_PARAMETER [09-14 11:48:09] sys parameter load success![0m
[32;22mD/TASK_MANAGE [09-14 11:48:09 tid:2424 tid:14072] (task_manage.cpp task_create:131)create task tid=[140726576318208], id=[1], name=[task_manage]
[0m
[36;22mI/TASK_MANAGE [09-14 11:48:09] ä»»åŠ¡ç®¡ç†åˆå§‹åŒ–å®Œæˆ...
[0m
[36;22mI/UPGRADE  [09-14 11:48:09] å‡çº§ä»»åŠ¡åˆå§‹åŒ–å®Œæˆ...
[0m
[32;22mD/TASK_MANAGE [09-14 11:48:09 tid:2424 tid:14072] (task_manage.cpp task_create:131)create task tid=[140726547973888], id=[2], name=[task_upgrade]
[0m
[32;22mD/TASK_MANAGE [09-14 11:48:09 tid:2424 tid:14072] (task_manage.cpp task_run:584)tid=[140726576318208], name=[task_manage] run
[0m
[32;22mD/TASK_MANAGE [09-14 11:48:09 tid:2424 tid:14072] (task_manage.cpp task_run:584)tid=[140726547973888], name=[task_upgrade] run
[0m
[36;22mI/elog     [09-14 11:49:38] EasyLogger V2.1.0 is initialize success.[0m
[36;22mI/COMMON   [09-14 11:49:38] æ—¥å¿—æ¨¡å—åˆå§‹åŒ–å®Œæˆ...[0m
[36;22mI/SYS_CAPABILITY [09-14 11:49:38] parser sys capability json success!
[0m
[32;22mD/SYS_CAPABILITY [09-14 11:49:38 tid:2592 tid:14067] (sys_capability.cpp sys_capability_init:108)sys_capability json : {
    "ai": {
        "enable": "true"
    },
    "service": {
        "network": {
            "host": {
                "tcp-port": 9001,
                "udp-port": 9002
            },
            "support": [
                "tcp",
                "udp"
            ]
        }
    }
}
[0m
[36;22mI/SYS_PARAMETER [09-14 11:49:38] param magic : [0]
[0m
[36;22mI/SYS_PARAMETER [09-14 11:49:38] sys parameter load success![0m
[32;22mD/TASK_MANAGE [09-14 11:49:38 tid:2592 tid:14067] (task_manage.cpp task_create:131)create task tid=[140679726270208], id=[1], name=[task_manage]
[0m
[36;22mI/TASK_MANAGE [09-14 11:49:38] ä»»åŠ¡ç®¡ç†åˆå§‹åŒ–å®Œæˆ...
[0m
[36;22mI/UPGRADE  [09-14 11:49:38] å‡çº§ä»»åŠ¡åˆå§‹åŒ–å®Œæˆ...
[0m
[32;22mD/TASK_MANAGE [09-14 11:49:38 tid:2592 tid:14067] (task_manage.cpp task_create:131)create task tid=[140679697598208], id=[2], name=[task_upgrade]
[0m
[32;22mD/TASK_MANAGE [09-14 11:49:38 tid:2592 tid:14067] (task_manage.cpp task_run:584)tid=[140679726270208], name=[task_manage] run
[0m
[32;22mD/TASK_MANAGE [09-14 11:49:38 tid:2592 tid:14067] (task_manage.cpp task_run:584)tid=[140679697598208], name=[task_upgrade] run
[0m
[36;22mI/elog     [09-14 11:52:04] EasyLogger V2.1.0 is initialize success.[0m
[36;22mI/COMMON   [09-14 11:52:04] æ—¥å¿—æ¨¡å—åˆå§‹åŒ–å®Œæˆ...[0m
[36;22mI/SYS_CAPABILITY [09-14 11:52:04] parser sys capability json success!
[0m
[32;22mD/SYS_CAPABILITY [09-14 11:52:04 tid:2760 tid:14056] (sys_capability.cpp sys_capability_init:108)sys_capability json : {
    "ai": {
        "enable": "true"
    },
    "service": {
        "network": {
            "host": {
                "tcp-port": 9001,
                "udp-port": 9002
            },
            "support": [
                "tcp",
                "udp"
            ]
        }
    }
}
[0m
[36;22mI/SYS_PARAMETER [09-14 11:52:04] param magic : [0]
[0m
[36;22mI/SYS_PARAMETER [09-14 11:52:04] sys parameter load success![0m
[32;22mD/TASK_MANAGE [09-14 11:52:04 tid:2760 tid:14056] (task_manage.cpp task_create:131)create task tid=[140564527941376], id=[1], name=[task_manage]
[0m
[36;22mI/TASK_MANAGE [09-14 11:52:04] ä»»åŠ¡ç®¡ç†åˆå§‹åŒ–å®Œæˆ...
[0m
[36;22mI/UPGRADE  [09-14 11:52:04] å‡çº§ä»»åŠ¡åˆå§‹åŒ–å®Œæˆ...
[0m
[32;22mD/TASK_MANAGE [09-14 11:52:04 tid:2760 tid:14056] (task_manage.cpp task_create:131)create task tid=[140564501038848], id=[2], name=[task_upgrade]
[0m
[32;22mD/TASK_MANAGE [09-14 11:52:04 tid:2760 tid:14056] (task_manage.cpp task_run:584)tid=[140564527941376], name=[task_manage] run
[0m
[32;22mD/TASK_MANAGE [09-14 11:52:04 tid:2760 tid:14056] (task_manage.cpp task_run:584)tid=[140564501038848], name=[task_upgrade] run
[0m
[36;22mI/elog     [09-14 11:54:10] EasyLogger V2.1.0 is initialize success.[0m
[36;22mI/COMMON   [09-14 11:54:10] æ—¥å¿—æ¨¡å—åˆå§‹åŒ–å®Œæˆ...[0m
[36;22mI/SYS_CAPABILITY [09-14 11:54:10] parser sys capability json success!
[0m
[32;22mD/SYS_CAPABILITY [09-14 11:54:10 tid:2928 tid:14049] (sys_capability.cpp sys_capability_init:108)sys_capability json : {
    "ai": {
        "enable": "true"
    },
    "service": {
        "network": {
            "host": {
                "tcp-port": 9001,
                "udp-port": 9002
            },
            "support": [
                "tcp",
                "udp"
            ]
        }
    }
}
[0m
[36;22mI/SYS_PARAMETER [09-14 11:54:10] param magic : [0]
[0m
[36;22mI/SYS_PARAMETER [09-14 11:54:10] sys parameter load success![0m
[32;22mD/TASK_MANAGE [09-14 11:54:10 tid:2928 tid:14049] (task_manage.cpp task_create:131)create task tid=[140499100993280], id=[1], name=[task_manage]
[0m
[36;22mI/UPGRADE  [09-14 11:54:10] å‡çº§ä»»åŠ¡åˆå§‹åŒ–å®Œæˆ...
[0m
[36;22mI/TASK_MANAGE [09-14 11:54:11] ä»»åŠ¡ç®¡ç†åˆå§‹åŒ–å®Œæˆ...
[0m
[32;22mD/TASK_MANAGE [09-14 11:54:10 tid:2928 tid:14049] (task_manage.cpp task_create:131)create task tid=[140499074090752], id=[2], name=[task_upgrade]
[0m
[32;22mD/TASK_MANAGE [09-14 11:54:10 tid:2928 tid:14049] (task_manage.cpp task_run:584)tid=[140499074090752], name=[task_upgrade] run
[0m
[32;22mD/TASK_MANAGE [09-14 11:54:11 tid:2928 tid:14049] (task_manage.cpp task_run:584)tid=[140499100993280], name=[task_manage] run
[0m
[36;22mI/elog     [09-14 11:57:19] EasyLogger V2.1.0 is initialize success.[0m
[36;22mI/COMMON   [09-14 11:57:19] æ—¥å¿—æ¨¡å—åˆå§‹åŒ–å®Œæˆ...[0m
[36;22mI/SYS_CAPABILITY [09-14 11:57:19] parser sys capability json success!
[0m
[32;22mD/SYS_CAPABILITY [09-14 11:57:19 tid:3096 tid:14028] (sys_capability.cpp sys_capability_init:108)sys_capability json : {
    "ai": {
        "enable": "true"
    },
    "service": {
        "network": {
            "host": {
                "tcp-port": 9001,
                "udp-port": 9002
            },
            "support": [
                "tcp",
                "udp"
            ]
        }
    }
}
[0m
[36;22mI/SYS_PARAMETER [09-14 11:57:19] sys parameter load success![0m
[32;22mD/TASK_MANAGE [09-14 11:57:20 tid:3096 tid:14028] (task_manage.cpp task_create:131)create task tid=[140288663193344], id=[1], name=[task_manage]
[0m
[36;22mI/TASK_MANAGE [09-14 11:57:20] ä»»åŠ¡ç®¡ç†åˆå§‹åŒ–å®Œæˆ...
[0m
[36;22mI/UPGRADE  [09-14 11:57:20] å‡çº§ä»»åŠ¡åˆå§‹åŒ–å®Œæˆ...
[0m
[32;22mD/TASK_MANAGE [09-14 11:57:20 tid:3096 tid:14028] (task_manage.cpp task_create:131)create task tid=[140288635373312], id=[2], name=[task_upgrade]
[0m
[32;22mD/TASK_MANAGE [09-14 11:57:20 tid:3096 tid:14028] (task_manage.cpp task_run:584)tid=[140288663193344], name=[task_manage] run
[0m
[32;22mD/TASK_MANAGE [09-14 11:57:20 tid:3096 tid:14028] (task_manage.cpp task_run:584)tid=[140288635373312], name=[task_upgrade] run
[0m
[36;22mI/elog     [09-14 11:59:06] EasyLogger V2.1.0 is initialize success.[0m
[36;22mI/COMMON   [09-14 11:59:06] æ—¥å¿—æ¨¡å—åˆå§‹åŒ–å®Œæˆ...[0m
[36;22mI/SYS_CAPABILITY [09-14 11:59:06] parser sys capability json success!
[0m
[32;22mD/SYS_CAPABILITY [09-14 11:59:06 tid:3264 tid:13995] (sys_capability.cpp sys_capability_init:108)sys_capability json : {
    "ai": {
        "enable": "true"
    },
    "service": {
        "network": {
            "host": {
                "tcp-port": 9001,
                "udp-port": 9002
            },
            "support": [
                "tcp",
                "udp"
            ]
        }
    }
}
[0m
[36;22mI/SYS_PARAMETER [09-14 11:59:06] param magic : [0]
[0m
[36;22mI/SYS_PARAMETER [09-14 11:59:07] sys parameter load success![0m
[32;22mD/TASK_MANAGE [09-14 11:59:07 tid:3264 tid:13995] (task_manage.cpp task_create:131)create task tid=[139958311749376], id=[1], name=[task_manage]
[0m
[36;22mI/TASK_MANAGE [09-14 11:59:07] ä»»åŠ¡ç®¡ç†åˆå§‹åŒ–å®Œæˆ...
[0m
[36;22mI/UPGRADE  [09-14 11:59:07] å‡çº§ä»»åŠ¡åˆå§‹åŒ–å®Œæˆ...
[0m
[32;22mD/TASK_MANAGE [09-14 11:59:07 tid:3264 tid:13995] (task_manage.cpp task_create:131)create task tid=[139958283601664], id=[2], name=[task_upgrade]
[0m
[32;22mD/TASK_MANAGE [09-14 11:59:07 tid:3264 tid:13995] (task_manage.cpp task_run:584)tid=[139958311749376], name=[task_manage] run
[0m
[32;22mD/TASK_MANAGE [09-14 11:59:07 tid:3264 tid:13995] (task_manage.cpp task_run:584)tid=[139958283601664], name=[task_upgrade] run
[0m
[36;22mI/elog     [09-14 12:03:01] EasyLogger V2.1.0 is initialize success.[0m
[36;22mI/COMMON   [09-14 12:03:01] æ—¥å¿—æ¨¡å—åˆå§‹åŒ–å®Œæˆ...[0m
[36;22mI/SYS_CAPABILITY [09-14 12:03:01] parser sys capability json success!
[0m
[32;22mD/SYS_CAPABILITY [09-14 12:03:01 tid:3460 tid:14020] (sys_capability.cpp sys_capability_init:108)sys_capability json : {
    "ai": {
        "enable": "true"
    },
    "service": {
        "network": {
            "host": {
                "tcp-port": 9001,
                "udp-port": 9002
            },
            "support": [
                "tcp",
                "udp"
            ]
        }
    }
}
[0m
[31;22mE/SYS_PARAMETER [09-14 12:03:01 tid:3460 tid:14020] (sys_parameter.cpp get_sys_para:59)file open ok
[0m
[36;22mI/SYS_PARAMETER [09-14 12:03:01] param magic : [0]
[0m
[36;22mI/SYS_PARAMETER [09-14 12:03:01] sys parameter load success![0m
[32;22mD/TASK_MANAGE [09-14 12:03:01 tid:3460 tid:14020] (task_manage.cpp task_create:131)create task tid=[140200845477632], id=[1], name=[task_manage]
[0m
[36;22mI/UPGRADE  [09-14 12:03:01] å‡çº§ä»»åŠ¡åˆå§‹åŒ–å®Œæˆ...
[0m
[36;22mI/TASK_MANAGE [09-14 12:03:02] ä»»åŠ¡ç®¡ç†åˆå§‹åŒ–å®Œæˆ...
[0m
[32;22mD/TASK_MANAGE [09-14 12:03:01 tid:3460 tid:14020] (task_manage.cpp task_create:131)create task tid=[140200817133312], id=[2], name=[task_upgrade]
[0m
[32;22mD/TASK_MANAGE [09-14 12:03:01 tid:3460 tid:14020] (task_manage.cpp task_run:584)tid=[140200817133312], name=[task_upgrade] run
[0m
[32;22mD/TASK_MANAGE [09-14 12:03:02 tid:3460 tid:14020] (task_manage.cpp task_run:584)tid=[140200845477632], name=[task_manage] run
[0m
[36;22mI/elog     [09-14 22:54:58] EasyLogger V2.1.0 is initialize success.[0m
[36;22mI/COMMON   [09-14 22:54:58] æ—¥å¿—æ¨¡å—åˆå§‹åŒ–å®Œæˆ...[0m
[36;22mI/SYS_CAPABILITY [09-14 22:54:58] parser sys capability json success!
[0m
[32;22mD/SYS_CAPABILITY [09-14 22:54:58 tid:4237 tid:13979] (sys_capability.cpp sys_capability_init:108)sys_capability json : {
    "ai": {
        "enable": "true"
    },
    "service": {
        "network": {
            "host": {
                "tcp-port": 9001,
                "udp-port": 9002
            },
            "support": [
                "tcp",
                "udp"
            ]
        }
    }
}
[0m
[36;22mI/SYS_PARAMETER [09-14 22:54:58] sys parameter load success![0m
[32;22mD/TASK_MANAGE [09-14 22:54:58 tid:4237 tid:13979] (task_manage.cpp task_create:131)create task tid=[139794952587008], id=[1], name=[task_manage]
[0m
[36;22mI/UPGRADE  [09-14 22:54:58] å‡çº§ä»»åŠ¡åˆå§‹åŒ–å®Œæˆ...
[0m
[36;22mI/TASK_MANAGE [09-14 22:54:58] ä»»åŠ¡ç®¡ç†åˆå§‹åŒ–å®Œæˆ...
[0m
[32;22mD/TASK_MANAGE [09-14 22:54:58 tid:4237 tid:13979] (task_manage.cpp task_create:131)create task tid=[139794923849472], id=[2], name=[task_upgrade]
[0m
[32;22mD/TASK_MANAGE [09-14 22:54:58 tid:4237 tid:13979] (task_manage.cpp task_run:584)tid=[139794923849472], name=[task_upgrade] run
[0m
[32;22mD/TASK_MANAGE [09-14 22:54:58 tid:4237 tid:13979] (task_manage.cpp task_run:584)tid=[139794952587008], name=[task_manage] run
[0m
[36;22mI/elog     [09-14 22:58:08] EasyLogger V2.1.0 is initialize success.[0m
[36;22mI/COMMON   [09-14 22:58:08] æ—¥å¿—æ¨¡å—åˆå§‹åŒ–å®Œæˆ...[0m
[36;22mI/SYS_CAPABILITY [09-14 22:58:08] parser sys capability json success!
[0m
[32;22mD/SYS_CAPABILITY [09-14 22:58:08 tid:4437 tid:14002] (sys_capability.cpp sys_capability_init:108)sys_capability json : {
    "ai": {
        "enable": "true"
    },
    "service": {
        "network": {
            "host": {
                "tcp-port": 9001,
                "udp-port": 9002
            },
            "support": [
                "tcp",
                "udp"
            ]
        }
    }
}
[0m
[36;22mI/SYS_PARAMETER [09-14 22:58:08] sys parameter load success![0m
[32;22mD/TASK_MANAGE [09-14 22:58:08 tid:4437 tid:14002] (task_manage.cpp task_create:131)create task tid=[140027517961984], id=[1], name=[task_manage]
[0m
[36;22mI/TASK_MANAGE [09-14 22:58:08] ä»»åŠ¡ç®¡ç†åˆå§‹åŒ–å®Œæˆ...
[0m
[36;22mI/UPGRADE  [09-14 22:58:09] å‡çº§ä»»åŠ¡åˆå§‹åŒ–å®Œæˆ...
[0m
[32;22mD/TASK_MANAGE [09-14 22:58:08 tid:4437 tid:14002] (task_manage.cpp task_create:131)create task tid=[140027489617664], id=[2], name=[task_upgrade]
[0m
[32;22mD/TASK_MANAGE [09-14 22:58:08 tid:4437 tid:14002] (task_manage.cpp task_run:584)tid=[140027517961984], name=[task_manage] run
[0m
[32;22mD/TASK_MANAGE [09-14 22:58:09 tid:4437 tid:14002] (task_manage.cpp task_run:584)tid=[140027489617664], name=[task_upgrade] run
[0m
[36;22mI/elog     [09-14 23:00:51] EasyLogger V2.1.0 is initialize success.[0m
[36;22mI/COMMON   [09-14 23:00:51] æ—¥å¿—æ¨¡å—åˆå§‹åŒ–å®Œæˆ...[0m
[36;22mI/SYS_CAPABILITY [09-14 23:00:51] parser sys capability json success!
[0m
[32;22mD/SYS_CAPABILITY [09-14 23:00:51 tid:0124 tid:13976] (sys_capability.cpp sys_capability_init:108)sys_capability json : {
    "ai": {
        "enable": "true"
    },
    "service": {
        "network": {
            "host": {
                "tcp-port": 9001,
                "udp-port": 9002
            },
            "support": [
                "tcp",
                "udp"
            ]
        }
    }
}
[0m
[31;22mE/SYS_PARAMETER [09-14 23:00:51 tid:0124 tid:13976] (sys_parameter.cpp get_sys_para:43)no param file create
[0m
[31;22mE/SYS_PARAMETER [09-14 23:00:51 tid:0124 tid:13976] (sys_parameter.cpp get_sys_para:58)load sys parameter error : No such file or directory
[0m
[36;22mI/elog     [09-14 23:01:24] EasyLogger V2.1.0 is initialize success.[0m
[36;22mI/COMMON   [09-14 23:01:24] æ—¥å¿—æ¨¡å—åˆå§‹åŒ–å®Œæˆ...[0m
[36;22mI/SYS_CAPABILITY [09-14 23:01:24] parser sys capability json success!
[0m
[32;22mD/SYS_CAPABILITY [09-14 23:01:24 tid:0151 tid:14068] (sys_capability.cpp sys_capability_init:108)sys_capability json : {
    "ai": {
        "enable": "true"
    },
    "service": {
        "network": {
            "host": {
                "tcp-port": 9001,
                "udp-port": 9002
            },
            "support": [
                "tcp",
                "udp"
            ]
        }
    }
}
[0m
[36;22mI/SYS_PARAMETER [09-14 23:01:24] sys parameter load success![0m
[32;22mD/TASK_MANAGE [09-14 23:01:24 tid:0151 tid:14068] (task_manage.cpp task_create:131)create task tid=[140686548436736], id=[1], name=[task_manage]
[0m
[36;22mI/TASK_MANAGE [09-14 23:01:24] ä»»åŠ¡ç®¡ç†åˆå§‹åŒ–å®Œæˆ...
[0m
[36;22mI/UPGRADE  [09-14 23:01:24] å‡çº§ä»»åŠ¡åˆå§‹åŒ–å®Œæˆ...
[0m
[32;22mD/TASK_MANAGE [09-14 23:01:24 tid:0151 tid:14068] (task_manage.cpp task_create:131)create task tid=[140686519633664], id=[2], name=[task_upgrade]
[0m
[32;22mD/TASK_MANAGE [09-14 23:01:24 tid:0151 tid:14068] (task_manage.cpp task_run:584)tid=[140686548436736], name=[task_manage] run
[0m
[32;22mD/TASK_MANAGE [09-14 23:01:24 tid:0151 tid:14068] (task_manage.cpp task_run:584)tid=[140686519633664], name=[task_upgrade] run
[0m
[36;22mI/elog     [09-17 23:13:45] EasyLogger V2.1.0 is initialize success.[0m
[36;22mI/COMMON   [09-17 23:13:45] æ—¥å¿—æ¨¡å—åˆå§‹åŒ–å®Œæˆ...[0m
[36;22mI/SYS_CAPABILITY [09-17 23:13:45] parser sys capability json success!
[0m
[32;22mD/SYS_CAPABILITY [09-17 23:13:45 tid:1480 tid:13994] (sys_capability.cpp sys_capability_init:108)sys_capability json : {
    "ai": {
        "enable": "true"
    },
    "service": {
        "network": {
            "support-layer": [
                "tcp",
                "udp"
            ],
            "support-version": [
                "ipv4"
            ]
        }
    }
}
[0m
[36;22mI/SYS_PARAMETER [09-17 23:13:45] sys parameter load success![0m
[32;22mD/TASK_MANAGE [09-17 23:13:46 tid:1480 tid:13994] (task_manage.cpp task_create:131)create task tid=[139943735297792], id=[1], name=[task_manage]
[0m
[36;22mI/TASK_MANAGE [09-17 23:13:46] ä»»åŠ¡ç®¡ç†åˆå§‹åŒ–å®Œæˆ...
[0m
[36;22mI/UPGRADE  [09-17 23:13:46] å‡çº§ä»»åŠ¡åˆå§‹åŒ–å®Œæˆ...
[0m
[32;22mD/TASK_MANAGE [09-17 23:13:46 tid:1480 tid:13994] (task_manage.cpp task_create:131)create task tid=[139943701776128], id=[0], name=[task_uv_event]
[0m
[32;22mD/TASK_MANAGE [09-17 23:13:46 tid:1480 tid:13994] (task_manage.cpp task_create:131)create task tid=[139943691224832], id=[0], name=[task_sdk_uv_net]
[0m
[32;22mD/TASK_MANAGE [09-17 23:13:46 tid:1480 tid:13994] (task_manage.cpp task_create:131)create task tid=[139943586301696], id=[2], name=[task_upgrade]
[0m
[32;22mD/TASK_MANAGE [09-1[36;22mI/NO_TAG   [09-17 23:13:46] uv-eventä»»åŠ¡åˆå§‹åŒ–å®Œæˆ...
[0m
7 23:13:46 tid:1480 tid:13994] (task_manage.cpp task_run:584)tid=[139943735297792], name=[task_manage] run
[0m
[32;22mD/TASK_MANAGE [09-17 23:13:46 tid:1480 tid:13994] (task_manage.cpp task_run:584)tid=[139943701776128], name=[task_uv_event] run
[0m
[32;22mD/TASK_MANAGE [09-17 23:13:46 tid:1480 tid:13994] (task_manage.cpp task_run:584)tid=[139943586301696], name=[task_upgrade] run
[0m
[32;22mD/TASK_MANAGE [09-17 23:13:46 tid:1480 tid:13994] (task_manage.cpp task_run:584)tid=[139943691224832], name[36;22mI/NETWORK  [09-17 23:13:46] sdk-uvç½‘ç»œä»»åŠ¡åˆå§‹åŒ–å®Œæˆ...
[0m
=[task_sdk_uv_net] run
[0m
[36;22mI/elog     [09-17 23:18:26] EasyLogger V2.1.0 is initialize success.[0m
[36;22mI/COMMON   [09-17 23:18:26] æ—¥å¿—æ¨¡å—åˆå§‹åŒ–å®Œæˆ...[0m
[36;22mI/SYS_CAPABILITY [09-17 23:18:26] parser sys capability json success!
[0m
[32;22mD/SYS_CAPABILITY [09-17 23:18:26 tid:1719 tid:13982] (sys_capability.cpp sys_capability_init:108)sys_capability json : {
    "ai": {
        "enable": "true"
    },
    "service": {
        "network": {
            "support-layer": [
                "tcp",
                "udp"
            ],
            "support-version": [
                "ipv4"
            ]
        }
    }
}
[0m
[36;22mI/SYS_PARAMETER [09-17 23:18:26] sys parameter load success![0m
[32;22mD/TASK_MANAGE [09-17 23:18:26 tid:1719 tid:13982] (task_manage.cpp task_create:131)create task tid=[139821400033024], id=[1], name=[task_manage]
[0m
[36;22mI/TASK_MANAGE [09-17 23:18:26] ä»»åŠ¡ç®¡ç†åˆå§‹åŒ–å®Œæˆ...
[0m
[36;22mI/UPGRADE  [09-17 23:18:26] å‡çº§ä»»åŠ¡åˆå§‹åŒ–å®Œæˆ...
[0m
[32;22mD/TASK_MANAGE [09-17 23:18:26 tid:1719 tid:13982] (task_manage.cpp task_create:131)create task tid=[139821366511360], id=[0], name=[task_uv_event]
[0m
[32;22mD/TASK_MANAGE [09-17 23:18:26 tid:1719 tid:13982] (task_manage.cpp task_create:131)create task tid=[139821355960064], id=[0], name=[task_sdk_uv_net]
[0m
[32;22mD/TASK_MANAGE [09-17 23:18:26 tid:1719 tid:13982] (task_manage.cpp task_create:131)create task tid=[139821251036928], id=[2], name=[task_upgrade]
[0m
[32;22mD/TASK_MANAGE [09-1[36;22mI/NO_TAG   [09-17 23:18:26] uv-eventä»»åŠ¡åˆå§‹åŒ–å®Œæˆ...
[0m
7 23:18:26 tid:1719 tid:13982] (task_manage.cpp task_run:584)tid=[139821400033024], name=[task_manage] run
[0m
[32;22mD/TASK_MANAGE [09-17 23:18:26 tid:1719 tid:13982] (task_manage.cpp task_run:584)tid=[139821366511360], name=[task_uv_event] run
[0m
[32;22mD/TASK_MANAGE [09-17 23:18:26 tid:1719 tid:13982] (task_manage.cpp task_run:584)tid=[139821251036928], name=[task_upgrade] run
[0m
[32;22mD/TASK_MANAGE [09-17 23:18:26 tid:1719 tid:13982] (task_manage.cpp task_run:584)tid=[139821355960064], name[36;22mI/NETWORK  [09-17 23:18:26] sdk-uvç½‘ç»œä»»åŠ¡åˆå§‹åŒ–å®Œæˆ...
[0m
=[task_sdk_uv_net] run
[0m
[36;22mI/elog     [09-17 23:22:04] EasyLogger V2.1.0 is initialize success.[0m
[36;22mI/COMMON   [09-17 23:22:04] æ—¥å¿—æ¨¡å—åˆå§‹åŒ–å®Œæˆ...[0m
[36;22mI/SYS_CAPABILITY [09-17 23:22:04] parser sys capability json success!
[0m
[32;22mD/SYS_CAPABILITY [09-17 23:22:04 tid:1785 tid:14052] (sys_capability.cpp sys_capability_init:108)sys_capability json : {
    "ai": {
        "enable": "true"
    },
    "service": {
        "network": {
            "support-layer": [
                "tcp",
                "udp"
            ],
            "support-version": [
                "ipv4"
            ]
        }
    }
}
[0m
[36;22mI/SYS_PARAMETER [09-17 23:22:04] sys parameter load success![0m
[32;22mD/TASK_MANAGE [09-17 23:22:05 tid:1785 tid:14052] (task_manage.cpp task_create:131)create task tid=[140525637699328], id=[1], name=[task_manage]
[0m
[36;22mI/TASK_MANAGE [09-17 23:22:05] ä»»åŠ¡ç®¡ç†åˆå§‹åŒ–å®Œæˆ...
[0m
[36;22mI/UPGRADE  [09-17 23:22:05] å‡çº§ä»»åŠ¡åˆå§‹åŒ–å®Œæˆ...
[0m
[32;22mD/TASK_MANAGE [09-17 23:22:05 tid:1785 tid:14052] (task_manage.cpp task_create:131)create task tid=[140525602735872], id=[0], name=[task_uv_event]
[0m
[32;22mD/TASK_MANAGE [09-17 23:22:05 tid:1785 tid:14052] (task_manage.cpp task_create:131)create task tid=[140525592184576], id=[0], name=[task_sdk_uv_net]
[0m
[32;22mD/TASK_MANAGE [09-17 23:22:05 tid:1785 tid:14052] (task_manage.cpp task_create:131)create task tid=[140525487261440], id=[2], name=[task_upgrade]
[0m
[32;22mD/TASK_MANAGE [09-1[36;22mI/NO_TAG   [09-17 23:22:05] uv-eventä»»åŠ¡åˆå§‹åŒ–å®Œæˆ...
[0m
7 23:22:05 tid:1785 tid:14052] (task_manage.cpp task_run:584)tid=[140525637699328], name=[task_manage] run
[0m
[32;22mD/TASK_MANAGE [09-17 23:22:05 tid:1785 tid:14052] (task_manage.cpp task_run:584)tid=[140525602735872], name=[task_uv_event] run
[0m
[32;22mD/TASK_MANAGE [09-17 23:22:05 tid:1785 tid:14052] (task_manage.cpp task_run:584)tid=[140525487261440], name=[task_upgrade] run
[0m
[32;22mD/TASK_MANAGE [09-17 23:22:05 tid:1785 tid:14052] (task_manage.cpp task_run:584)tid=[140525592184576], name[36;22mI/NETWORK  [09-17 23:22:05] sdk-uvç½‘ç»œä»»åŠ¡åˆå§‹åŒ–å®Œæˆ...
[0m
=[task_sdk_uv_net] run
[0m
[36;22mI/elog     [09-17 23:24:26] EasyLogger V2.1.0 is initialize success.[0m
[36;22mI/COMMON   [09-17 23:24:26] æ—¥å¿—æ¨¡å—åˆå§‹åŒ–å®Œæˆ...[0m
[36;22mI/SYS_CAPABILITY [09-17 23:24:26] parser sys capability json success!
[0m
[32;22mD/SYS_CAPABILITY [09-17 23:24:26 tid:1885 tid:14015] (sys_capability.cpp sys_capability_init:108)sys_capability json : {
    "ai": {
        "enable": "true"
    },
    "service": {
        "network": {
            "support-layer": [
                "tcp",
                "udp"
            ],
            "support-version": [
                "ipv4"
            ]
        }
    }
}
[0m
[36;22mI/SYS_PARAMETER [09-17 23:24:26] sys parameter load success![0m
[32;22mD/TASK_MANAGE [09-17 23:24:26 tid:1885 tid:14015] (task_manage.cpp task_create:131)create task tid=[140151407871744], id=[1], name=[task_manage]
[0m
[36;22mI/TASK_MANAGE [09-17 23:24:26] ä»»åŠ¡ç®¡ç†åˆå§‹åŒ–å®Œæˆ...
[0m
[36;22mI/UPGRADE  [09-17 23:24:26] å‡çº§ä»»åŠ¡åˆå§‹åŒ–å®Œæˆ...
[0m
[36;22mI/NO_TAG   [09-17 23:24:26] uv-eventä»»åŠ¡åˆå§‹åŒ–å®Œæˆ...
[0m
[36;22mI/NETWORK  [09-17 23:24:26] sdk-uvç½‘ç»œä»»åŠ¡åˆå§‹åŒ–å®Œæˆ...
[0m
[32;22mD/TASK_MANAGE [09-17 23:24:26 tid:1885 tid:14015] (task_manage.cpp task_create:131)create task tid=[140151374350080], id=[0], name=[task_uv_event]
[0m
[32;22mD/TASK_MANAGE [09-17 23:24:26 tid:1885 tid:14015] (task_manage.cpp task_create:131)create task tid=[140151363798784], id=[0], name=[task_sdk_uv_net]
[0m
[32;22mD/TASK_MANAGE [09-17 23:24:26 tid:1885 tid:14015] (task_manage.cpp task_create:131)create task tid=[140151258875648], id=[2], name=[task_upgrade]
[0m
[32;22mD/TASK_MANAGE [09-17 23:24:26 tid:1885 tid:14015] (task_manage.cpp task_run:584)tid=[140151407871744], name=[task_manage] run
[0m
[32;22mD/TASK_MANAGE [09-17 23:24:26 tid:1885 tid:14015] (task_manage.cpp task_run:584)tid=[140151374350080], name=[task_uv_event] run
[0m
[32;22mD/TASK_MANAGE [09-17 23:24:26 tid:1885 tid:14015] (task_manage.cpp task_run:584)tid=[140151363798784], name=[task_sdk_uv_net] run
[0m
[32;22mD/TASK_MANAGE [09-17 23:24:26 tid:1885 tid:14015] (task_manage.cpp task_run:584)tid=[140151258875648], name=[task_upgrade] run
[0m
[36;22mI/elog     [09-17 23:24:34] EasyLogger V2.1.0 is initialize success.[0m
[36;22mI/COMMON   [09-17 23:24:34] æ—¥å¿—æ¨¡å—åˆå§‹åŒ–å®Œæˆ...[0m
[36;22mI/SYS_CAPABILITY [09-17 23:24:34] parser sys capability json success!
[0m
[32;22mD/SYS_CAPABILITY [09-17 23:24:34 tid:1927 tid:14058] (sys_capability.cpp sys_capability_init:108)sys_capability json : {
    "ai": {
        "enable": "true"
    },
    "service": {
        "network": {
            "support-layer": [
                "tcp",
                "udp"
            ],
            "support-version": [
                "ipv4"
            ]
        }
    }
}
[0m
[36;22mI/SYS_PARAMETER [09-17 23:24:34] sys parameter load success![0m
[32;22mD/TASK_MANAGE [09-17 23:24:34 tid:1927 tid:14058] (task_manage.cpp task_create:131)create task tid=[140589062522624], id=[1], name=[task_manage]
[0m
[36;22mI/TASK_MANAGE [09-17 23:24:34] ä»»åŠ¡ç®¡ç†åˆå§‹åŒ–å®Œæˆ...
[0m
[36;22mI/UPGRADE  [09-17 23:24:34] å‡çº§ä»»åŠ¡åˆå§‹åŒ–å®Œæˆ...
[0m
[32;22mD/TASK_MANAGE [09-17 23:24:34 tid:1927 tid:14058] (task_manage.cpp task_create:131)create task tid=[140589029000960], id=[0], name=[task_uv_event]
[0m
[32;22mD/TASK_MANAGE [09-17 23:24:34 tid:1927 tid:14058] (task_manage.cpp task_create:131)create task tid=[140589018449664], id=[0], name=[task_sdk_uv_net]
[0m
[32;22mD/TASK_MANAGE [09-17 23:24:34 tid:1927 tid:14058] (task_manage.cpp task_create:131)create task tid=[140588913526528], id=[2], name=[task_upgrade]
[0m
[32;22mD/TASK_MANAGE [09-1[36;22mI/NO_TAG   [09-17 23:24:34] uv-eventä»»åŠ¡åˆå§‹åŒ–å®Œæˆ...
[0m
7 23:24:34 tid:1927 tid:14058] (task_manage.cpp task_run:584)tid=[140589062522624], name=[task_manage] run
[0m
[32;22mD/TASK_MANAGE [09-17 23:24:34 tid:1927 tid:14058] (task_manage.cpp task_run:584)tid=[140589029000960], name=[task_uv_event] run
[0m
[32;22mD/TASK_MANAGE [09-17 23:24:34 tid:1927 tid:14058] (task_manage.cpp task_run:584)tid=[140588913526528], name=[task_upgrade] run
[0m
[32;22mD/TASK_MANAGE [09-17 23:24:35 tid:1927 tid:14058] (task_manage.cpp task_run:584)tid=[140589018449664], name[36;22mI/NETWORK  [09-17 23:24:35] sdk-uvç½‘ç»œä»»åŠ¡åˆå§‹åŒ–å®Œæˆ...
[0m
=[task_sdk_uv_net] run
[0m
[36;22mI/elog     [09-17 23:25:14] EasyLogger V2.1.0 is initialize success.[0m
[36;22mI/COMMON   [09-17 23:25:14] æ—¥å¿—æ¨¡å—åˆå§‹åŒ–å®Œæˆ...[0m
[36;22mI/SYS_CAPABILITY [09-17 23:25:14] parser sys capability json success!
[0m
[32;22mD/SYS_CAPABILITY [09-17 23:25:14 tid:1985 tid:13994] (sys_capability.cpp sys_capability_init:108)sys_capability json : {
    "ai": {
        "enable": "true"
    },
    "service": {
        "network": {
            "support-layer": [
                "tcp",
                "udp"
            ],
            "support-version": [
                "ipv4"
            ]
        }
    }
}
[0m
[36;22mI/SYS_PARAMETER [09-17 23:25:14] sys parameter load success![0m
[32;22mD/TASK_MANAGE [09-17 23:25:14 tid:1985 tid:13994] (task_manage.cpp task_create:131)create task tid=[139946366174976], id=[1], name=[task_manage]
[0m
[36;22mI/TASK_MANAGE [09-17 23:25:14] ä»»åŠ¡ç®¡ç†åˆå§‹åŒ–å®Œæˆ...
[0m
[36;22mI/UPGRADE  [09-17 23:25:14] å‡çº§ä»»åŠ¡åˆå§‹åŒ–å®Œæˆ...
[0m
[32;22mD/TASK_MANAGE [09-17 23:25:14 tid:1985 tid:13994] (task_manage.cpp task_create:131)create task tid=[139946331604736], id=[0], name=[task_uv_event]
[0m
[32;22mD/TASK_MANAGE [09-17 23:25:14 tid:1985 tid:13994] (task_manage.cpp task_create:131)create task tid=[139946321053440], id=[0], name=[task_sdk_uv_net]
[0m
[32;22mD/TASK_MANAGE [09-17 23:25:14 tid:1985 tid:13994] (task_manage.cpp task_create:131)create task tid=[139946216130304], id=[2], name=[task_upgrade]
[0m
[32;22mD/TASK_MANAGE [09-1[36;22mI/NO_TAG   [09-17 23:25:14] uv-eventä»»åŠ¡åˆå§‹åŒ–å®Œæˆ...
[0m
7 23:25:14 tid:1985 tid:13994] (task_manage.cpp task_run:584)tid=[139946366174976], name=[task_manage] run
[0m
[32;22mD/TASK_MANAGE [09-17 23:25:14 tid:1985 tid:13994] (task_manage.cpp task_run:584)tid=[139946331604736], name=[task_uv_event] run
[0m
[32;22mD/TASK_MANAGE [09-17 23:25:14 tid:1985 tid:13994] (task_manage.cpp task_run:584)tid=[139946216130304], name=[task_upgrade] run
[0m
[32;22mD/TASK_MANAGE [09-17 23:25:14 tid:1985 tid:13994] (task_manage.cpp task_run:584)tid=[139946321053440], name[36;22mI/NETWORK  [09-17 23:25:14] sdk-uvç½‘ç»œä»»åŠ¡åˆå§‹åŒ–å®Œæˆ...
[0m
=[task_sdk_uv_net] run
[0m
[36;22mI/elog     [09-17 23:25:43] EasyLogger V2.1.0 is initialize success.[0m
[36;22mI/COMMON   [09-17 23:25:44] æ—¥å¿—æ¨¡å—åˆå§‹åŒ–å®Œæˆ...[0m
[36;22mI/SYS_CAPABILITY [09-17 23:25:44] parser sys capability json success!
[0m
[32;22mD/SYS_CAPABILITY [09-17 23:25:44 tid:2054 tid:14019] (sys_capability.cpp sys_capability_init:108)sys_capability json : {
    "ai": {
        "enable": "true"
    },
    "service": {
        "network": {
            "support-layer": [
                "tcp",
                "udp"
            ],
            "support-version": [
                "ipv4"
            ]
        }
    }
}
[0m
[36;22mI/SYS_PARAMETER [09-17 23:25:44] sys parameter load success![0m
[32;22mD/TASK_MANAGE [09-17 23:25:44 tid:2054 tid:14019] (task_manage.cpp task_create:131)create task tid=[140196020586240], id=[1], name=[task_manage]
[0m
[36;22mI/TASK_MANAGE [09-17 23:25:44] ä»»åŠ¡ç®¡ç†åˆå§‹åŒ–å®Œæˆ...
[0m
[36;22mI/NETWORK  [09-17 23:25:44] sdk-uvç½‘ç»œä»»åŠ¡åˆå§‹åŒ–å®Œæˆ...
[0m
[36;22mI/NO_TAG   [09-17 23:25:44] uv-eventä»»åŠ¡åˆå§‹åŒ–å®Œæˆ...
[0m
[32;22mD/TASK_MANAGE [09-17 23:25:44 tid:2054 tid:14019] (task_manage.cpp task_create:131)create task tid=[140195987064576], id=[0], name=[task_uv_event]
[0m
[32;22mD/TASK_MANAGE [09-17 23:25:44 tid:2054 tid:14019] (task_manage.cpp task_run:584)tid=[140195987064576], name=[task_uv_event] run
[0m
[32;22mD/TASK_MANAGE [09-17 23:25:44 tid:2054 tid:14019] (task_manage.cpp task_run:584)tid=[140196020586240], name=[task_manage] run
[0m
[36;22mI/elog     [09-17 23:27:03] EasyLogger V2.1.0 is initialize success.[0m
[36;22mI/COMMON   [09-17 23:27:03] æ—¥å¿—æ¨¡å—åˆå§‹åŒ–å®Œæˆ...[0m
[36;22mI/SYS_CAPABILITY [09-17 23:27:03] parser sys capability json success!
[0m
[32;22mD/SYS_CAPABILITY [09-17 23:27:03 tid:2113 tid:13992] (sys_capability.cpp sys_capability_init:108)sys_capability json : {
    "ai": {
        "enable": "true"
    },
    "service": {
        "network": {
            "support-layer": [
                "tcp",
                "udp"
            ],
            "support-version": [
                "ipv4"
            ]
        }
    }
}
[0m
[36;22mI/SYS_PARAMETER [09-17 23:27:03] sys parameter load success![0m
[32;22mD/TASK_MANAGE [09-17 23:27:03 tid:2113 tid:13992] (task_manage.cpp task_create:131)create task tid=[139927750739712], id=[1], name=[task_manage]
[0m
[36;22mI/TASK_MANAGE [09-17 23:27:03] ä»»åŠ¡ç®¡ç†åˆå§‹åŒ–å®Œæˆ...
[0m
[36;22mI/NETWORK  [09-17 23:27:03] sdk-uvç½‘ç»œä»»åŠ¡åˆå§‹åŒ–å®Œæˆ...
[0m
[32;22mD/TASK_MANAGE [09-17 23:27:03 tid:2113 tid:13992] (task_manage.cpp task_create:131)create task tid=[139927717283584], id=[0], name=[task_uv_event]
[0m
[32;22mD/TASK_MANAGE [09-17 23:27:03 tid:2113 tid:13992] (task_manage.cpp task_run:584)tid=[139927750739712], name=[task_manage] run
[0m
[32;22mD/TASK_MANAGE [09-17 23:27:03 tid:2113 tid:13992] (task_manage.cpp task_run:584)tid=[139927717283584], name=[task_uv_event] run
[0m
[36;22mI/NO_TAG   [09-17 23:27:03] uv-eventä»»åŠ¡åˆå§‹åŒ–å®Œæˆ...
[0m
[36;22mI/elog     [09-17 23:27:45] EasyLogger V2.1.0 is initialize success.[0m
[36;22mI/COMMON   [09-17 23:27:46] æ—¥å¿—æ¨¡å—åˆå§‹åŒ–å®Œæˆ...[0m
[36;22mI/SYS_CAPABILITY [09-17 23:27:46] parser sys capability json success!
[0m
[32;22mD/SYS_CAPABILITY [09-17 23:27:46 tid:2172 tid:14059] (sys_capability.cpp sys_capability_init:108)sys_capability json : {
    "ai": {
        "enable": "true"
    },
    "service": {
        "network": {
            "support-layer": [
                "tcp",
                "udp"
            ],
            "support-version": [
                "ipv4"
            ]
        }
    }
}
[0m
[36;22mI/SYS_PARAMETER [09-17 23:27:46] sys parameter load success![0m
[32;22mD/TASK_MANAGE [09-17 23:27:46 tid:2172 tid:14059] (task_manage.cpp task_create:131)create task tid=[140595395921664], id=[1], name=[task_manage]
[0m
[36;22mI/TASK_MANAGE [09-17 23:27:46] ä»»åŠ¡ç®¡ç†åˆå§‹åŒ–å®Œæˆ...
[0m
[36;22mI/UPGRADE  [09-17 23:27:46] å‡çº§ä»»åŠ¡åˆå§‹åŒ–å®Œæˆ...
[0m
[32;22mD/TASK_MANAGE [09-17 23:27:46 tid:2172 tid:14059] (task_manage.cpp task_create:131)create task tid=[140595362400000], id=[0], name=[task_uv_event]
[0m
[32;22mD/TASK_MANAGE [09-17 23:27:46 tid:2172 tid:14059] (task_manage.cpp task_create:131)create task tid=[140595351848704], id=[0], name=[task_sdk_uv_net]
[0m
[32;22mD/TASK_MANAGE [09-17 23:27:46 tid:2172 tid:14059] (task_manage.cpp task_create:131)create task tid=[140595246925568], id=[2], name=[task_upgrade]
[0m
[32;22mD/TASK_MANAGE [09-1[36;22mI/NO_TAG   [09-17 23:27:46] uv-eventä»»åŠ¡åˆå§‹åŒ–å®Œæˆ...
[0m
7 23:27:46 tid:2172 tid:14059] (task_manage.cpp task_run:584)tid=[140595395921664], name=[task_manage] run
[0m
[32;22mD/TASK_MANAGE [09-17 23:27:46 tid:2172 tid:14059] (task_manage.cpp task_run:584)tid=[140595362400000], name=[task_uv_event] run
[0m
[32;22mD/TASK_MANAGE [09-17 23:27:46 tid:2172 tid:14059] (task_manage.cpp task_run:584)tid=[140595246925568], name=[task_upgrade] run
[0m
[32;22mD/TASK_MANAGE [09-17 23:27:46 tid:2172 tid:14059] (task_manage.cpp task_run:584)tid=[140595351848704], name[36;22mI/NETWORK  [09-17 23:27:46] sdk-uvç½‘ç»œä»»åŠ¡åˆå§‹åŒ–å®Œæˆ...
[0m
=[task_sdk_uv_net] run
[0m
[36;22mI/elog     [09-17 23:30:18] EasyLogger V2.1.0 is initialize success.[0m
[36;22mI/COMMON   [09-17 23:30:19] æ—¥å¿—æ¨¡å—åˆå§‹åŒ–å®Œæˆ...[0m
[36;22mI/SYS_CAPABILITY [09-17 23:30:19] parser sys capability json success!
[0m
[32;22mD/SYS_CAPABILITY [09-17 23:30:19 tid:2257 tid:14038] (sys_capability.cpp sys_capability_init:108)sys_capability json : {
    "ai": {
        "enable": "true"
    },
    "service": {
        "network": {
            "support-layer": [
                "tcp",
                "udp"
            ],
            "support-version": [
                "ipv4"
            ]
        }
    }
}
[0m
[36;22mI/SYS_PARAMETER [09-17 23:30:19] sys parameter load success![0m
[32;22mD/TASK_MANAGE [09-17 23:30:19 tid:2257 tid:14038] (task_manage.cpp task_create:131)create task tid=[140380888729344], id=[1], name=[task_manage]
[0m
[36;22mI/TASK_MANAGE [09-17 23:30:19] ä»»åŠ¡ç®¡ç†åˆå§‹åŒ–å®Œæˆ...
[0m
[36;22mI/UPGRADE  [09-17 23:30:19] å‡çº§ä»»åŠ¡åˆå§‹åŒ–å®Œæˆ...
[0m
[32;22mD/TASK_MANAGE [09-17 23:30:19 tid:2257 tid:14038] (task_manage.cpp task_create:131)create task tid=[140380855207680], id=[0], name=[task_uv_event]
[0m
[32;22mD/TASK_MANAGE [09-17 23:30:19 tid:2257 tid:14038] (task_manage.cpp task_create:131)create task tid=[140380844656384], id=[0], name=[task_sdk_uv_net]
[0m
[32;22mD/TASK_MANAGE [09-17 23:30:19 tid:2257 tid:14038] (task_manage.cpp task_create:131)create task tid=[140380739733248], id=[2], name=[task_upgrade]
[0m
[32;22mD/TASK_MANAGE [09-1[36;22mI/NO_TAG   [09-17 23:30:19] uv-eventä»»åŠ¡åˆå§‹åŒ–å®Œæˆ...
[0m
7 23:30:19 tid:2257 tid:14038] (task_manage.cpp task_run:584)tid=[140380888729344], name=[task_manage] run
[0m
[32;22mD/TASK_MANAGE [09-17 23:30:19 tid:2257 tid:14038] (task_manage.cpp task_run:584)tid=[140380855207680], name=[task_uv_event] run
[0m
[32;22mD/TASK_MANAGE [09-17 23:30:19 tid:2257 tid:14038] (task_manage.cpp task_run:584)tid=[140380739733248], name=[task_upgrade] run
[0m
[32;22mD/NO_TAG   [09-17 23:30:19 tid:2257 tid:14038] (uv_event.cpp uv_event_run:63)run loop
[0m
[36;22mI/NETWORK  [09-17 23:30:19] sdk-uvç½‘ç»œä»»åŠ¡åˆå§‹åŒ–å®Œæˆ...
[0m
[32;22mD/TASK_MANAGE [09-17 23:30:19 tid:2257 tid:14038] (task_manage.cpp task_run:584)tid=[140380844656384], name=[task_sdk_uv_net] run
[0m
[36;22mI/elog     [09-17 23:32:07] EasyLogger V2.1.0 is initialize success.[0m
[36;22mI/COMMON   [09-17 23:32:07] æ—¥å¿—æ¨¡å—åˆå§‹åŒ–å®Œæˆ...[0m
[36;22mI/SYS_CAPABILITY [09-17 23:32:07] parser sys capability json success!
[0m
[32;22mD/SYS_CAPABILITY [09-17 23:32:07 tid:2318 tid:14040] (sys_capability.cpp sys_capability_init:108)sys_capability json : {
    "ai": {
        "enable": "true"
    },
    "service": {
        "network": {
            "support-layer": [
                "tcp",
                "udp"
            ],
            "support-version": [
                "ipv4"
            ]
        }
    }
}
[0m
[36;22mI/SYS_PARAMETER [09-17 23:32:07] sys parameter load success![0m
[32;22mD/TASK_MANAGE [09-17 23:32:08 tid:2318 tid:14040] (task_manage.cpp task_create:131)create task tid=[140401075914496], id=[1], name=[task_manage]
[0m
[36;22mI/TASK_MANAGE [09-17 23:32:08] ä»»åŠ¡ç®¡ç†åˆå§‹åŒ–å®Œæˆ...
[0m
[36;22mI/UPGRADE  [09-17 23:32:08] å‡çº§ä»»åŠ¡åˆå§‹åŒ–å®Œæˆ...
[0m
[32;22mD/TASK_MANAGE [09-17 23:32:08 tid:2318 tid:14040] (task_manage.cpp task_create:131)create task tid=[140401042392832], id=[0], name=[task_uv_event]
[0m
[32;22mD/TASK_MANAGE [09-17 23:32:08 tid:2318 tid:14040] (task_manage.cpp task_create:131)create task tid=[140401031841536], id=[0], name=[task_sdk_uv_net]
[0m
[32;22mD/TASK_MANAGE [09-17 23:32:08 tid:2318 tid:14040] (task_manage.cpp task_create:131)create task tid=[140400926918400], id=[2], name=[task_upgrade]
[0m
[32;22mD/TASK_MANAGE [09-1[36;22mI/NO_TAG   [09-17 23:32:08] uv-eventä»»åŠ¡åˆå§‹åŒ–å®Œæˆ...
[0m
7 23:32:08 tid:2318 tid:14040] (task_manage.cpp task_run:584)tid=[140401075914496], name=[task_manage] run
[0m
[32;22mD/TASK_MANAGE [09-17 23:32:08 tid:2318 tid:14040] (task_manage.cpp task_run:584)tid=[140401042392832], name=[task_uv_event] run
[0m
[32;22mD/TASK_MANAGE [09-17 23:32:08 tid:2318 tid:14040] (task_manage.cpp task_run:584)tid=[140400926918400], name=[task_upgrade] run
[0m
[32;22mD/NO_TAG   [09-17 23:32:08 tid:2318 tid:14040] (uv_event.cpp uv_event_run:63)run loop
[0m
[36;22mI/NETWORK  [09-17 23:32:08] sdk-uvç½‘ç»œä»»åŠ¡åˆå§‹åŒ–å®Œæˆ...
[0m
[32;22mD/TASK_MANAGE [09-17 23:32:08 tid:2318 tid:14040] (task_manage.cpp task_run:584)tid=[140401031841536], name=[task_sdk_uv_net] run
[0m
[36;22mI/elog     [09-17 23:58:51] EasyLogger V2.1.0 is initialize success.[0m
[36;22mI/COMMON   [09-17 23:58:51] æ—¥å¿—æ¨¡å—åˆå§‹åŒ–å®Œæˆ...[0m
[36;22mI/SYS_CAPABILITY [09-17 23:58:51] parser sys capability json success!
[0m
[32;22mD/SYS_CAPABILITY [09-17 23:58:51 tid:2550 tid:14019] (sys_capability.cpp sys_capability_init:108)sys_capability json : {
    "ai": {
        "enable": "true"
    },
    "service": {
        "network": {
            "support-layer": [
                "tcp",
                "udp"
            ],
            "support-version": [
                "ipv4"
            ]
        }
    }
}
[0m
[36;22mI/SYS_PARAMETER [09-17 23:58:51] sys parameter load success![0m
[32;22mD/TASK_MANAGE [09-17 23:58:51 tid:2550 tid:14019] (task_manage.cpp task_create:131)create task tid=[140195606529792], id=[1], name=[task_manage]
[0m
[36;22mI/TASK_MANAGE [09-17 23:58:51] ä»»åŠ¡ç®¡ç†åˆå§‹åŒ–å®Œæˆ...
[0m
[36;22mI/UPGRADE  [09-17 23:58:51] å‡çº§ä»»åŠ¡åˆå§‹åŒ–å®Œæˆ...
[0m
[32;22mD/TASK_MANAGE [09-17 23:58:51 tid:2550 tid:14019] (task_manage.cpp task_create:131)create task tid=[140195571828480], id=[0], name=[task_uv_event]
[0m
[32;22mD/TASK_MANAGE [09-17 23:58:51 tid:2550 tid:14019] (task_manage.cpp task_create:131)create task tid=[140195561277184], id=[0], name=[task_sdk_uv_net]
[0m
[32;22mD/TASK_MANAGE [09-17 23:58:51 tid:2550 tid:14019] (task_manage.cpp task_create:131)create task tid=[140195456354048], id=[2], name=[task_upgrade]
[0m
[32;22mD/TASK_MANAGE [09-1[36;22mI/NO_TAG   [09-17 23:58:51] uv-eventä»»åŠ¡åˆå§‹åŒ–å®Œæˆ...
[0m
7 23:58:51 tid:2550 tid:14019] (task_manage.cpp task_run:584)tid=[140195606529792], name=[task_manage] run
[0m
[32;22mD/TASK_MANAGE [09-17 23:58:51 tid:2550 tid:14019] (task_manage.cpp task_run:584)tid=[140195571828480], name=[task_uv_event] run
[0m
[32;22mD/TASK_MANAGE [09-17 23:58:51 tid:2550 tid:14019] (task_manage.cpp task_run:584)tid=[140195456354048], name=[task_upgrade] run
[0m
[32;22mD/NO_TAG   [09-17 23:58:51 tid:2550 tid:14019] (uv_event.cpp uv_event_run:64)run loop
[0m
[36;22mI/NETWORK  [09-17 23:58:51] sdk-uvç½‘ç»œä»»åŠ¡åˆå§‹åŒ–å®Œæˆ...
[0m
[32;22mD/TASK_MANAGE [09-17 23:58:51 tid:2550 tid:14019] (task_manage.cpp task_run:584)tid=[140195561277184], name=[task_sdk_uv_net] run
[0m
[36;22mI/elog     [09-18 00:00:38] EasyLogger V2.1.0 is initialize success.[0m
[36;22mI/COMMON   [09-18 00:00:38] æ—¥å¿—æ¨¡å—åˆå§‹åŒ–å®Œæˆ...[0m
[36;22mI/SYS_CAPABILITY [09-18 00:00:38] parser sys capability json success!
[0m
[32;22mD/SYS_CAPABILITY [09-18 00:00:38 tid:2611 tid:14029] (sys_capability.cpp sys_capability_init:108)sys_capability json : {
    "ai": {
        "enable": "true"
    },
    "service": {
        "network": {
            "support-layer": [
                "tcp",
                "udp"
            ],
            "support-version": [
                "ipv4"
            ]
        }
    }
}
[0m
[36;22mI/SYS_PARAMETER [09-18 00:00:38] sys parameter load success![0m
[32;22mD/TASK_MANAGE [09-18 00:00:38 tid:2611 tid:14029] (task_manage.cpp task_create:131)create task tid=[140293561222912], id=[1], name=[task_manage]
[0m
[36;22mI/TASK_MANAGE [09-18 00:00:38] ä»»åŠ¡ç®¡ç†åˆå§‹åŒ–å®Œæˆ...
[0m
[36;22mI/UPGRADE  [09-18 00:00:38] å‡çº§ä»»åŠ¡åˆå§‹åŒ–å®Œæˆ...
[0m
[32;22mD/TASK_MANAGE [09-18 00:00:38 tid:2611 tid:14029] (task_manage.cpp task_create:131)create task tid=[140293527701248], id=[0], name=[task_uv_event]
[0m
[32;22mD/TASK_MANAGE [09-18 00:00:38 tid:2611 tid:14029] (task_manage.cpp task_create:131)create task tid=[140293517149952], id=[0], name=[task_sdk_uv_net]
[0m
[32;22mD/TASK_MANAGE [09-18 00:00:38 tid:2611 tid:14029] (task_manage.cpp task_create:131)create task tid=[140293412226816], id=[2], name=[task_upgrade]
[0m
[32;22mD/TASK_MANAGE [09-1[36;22mI/NO_TAG   [09-18 00:00:38] uv-eventä»»åŠ¡åˆå§‹åŒ–å®Œæˆ...
[0m
8 00:00:38 tid:2611 tid:14029] (task_manage.cpp task_run:584)tid=[140293561222912], name=[task_manage] run
[0m
[32;22mD/TASK_MANAGE [09-18 00:00:38 tid:2611 tid:14029] (task_manage.cpp task_run:584)tid=[140293527701248], name=[task_uv_event] run
[0m
[32;22mD/TASK_MANAGE [09-18 00:00:38 tid:2611 tid:14029] (task_manage.cpp task_run:584)tid=[140293412226816], name=[task_upgrade] run
[0m
[32;22mD/NO_TAG   [09-18 00:00:38 tid:2611 tid:14029] (uv_event.cpp uv_event_run:64)run loop
[0m
[36;22mI/NETWORK  [09-18 00:00:38] sdk-uvç½‘ç»œä»»åŠ¡åˆå§‹åŒ–å®Œæˆ...
[0m
[32;22mD/TASK_MANAGE [09-18 00:00:38 tid:2611 tid:14029] (task_manage.cpp task_run:584)tid=[140293517149952], name=[task_sdk_uv_net] run
[0m
[36;22mI/elog     [09-18 00:01:05] EasyLogger V2.1.0 is initialize success.[0m
[36;22mI/COMMON   [09-18 00:01:06] æ—¥å¿—æ¨¡å—åˆå§‹åŒ–å®Œæˆ...[0m
[36;22mI/SYS_CAPABILITY [09-18 00:01:06] parser sys capability json success!
[0m
[32;22mD/SYS_CAPABILITY [09-18 00:01:06 tid:2672 tid:14034] (sys_capability.cpp sys_capability_init:108)sys_capability json : {
    "ai": {
        "enable": "true"
    },
    "service": {
        "network": {
            "support-layer": [
                "tcp",
                "udp"
            ],
            "support-version": [
                "ipv4"
            ]
        }
    }
}
[0m
[36;22mI/SYS_PARAMETER [09-18 00:01:06] sys parameter load success![0m
[32;22mD/TASK_MANAGE [09-18 00:01:06 tid:2672 tid:14034] (task_manage.cpp task_create:131)create task tid=[140345687049984], id=[1], name=[task_manage]
[0m
[36;22mI/TASK_MANAGE [09-18 00:01:06] ä»»åŠ¡ç®¡ç†åˆå§‹åŒ–å®Œæˆ...
[0m
[36;22mI/UPGRADE  [09-18 00:01:06] å‡çº§ä»»åŠ¡åˆå§‹åŒ–å®Œæˆ...
[0m
[32;22mD/TASK_MANAGE [09-18 00:01:06 tid:2672 tid:14034] (task_manage.cpp task_create:131)create task tid=[140345652414208], id=[0], name=[task_uv_event]
[0m
[32;22mD/TASK_MANAGE [09-18 00:01:06 tid:2672 tid:14034] (task_manage.cpp task_create:131)create task tid=[140345641862912], id=[0], name=[task_sdk_uv_net]
[0m
[32;22mD/TASK_MANAGE [09-18 00:01:06 tid:2672 tid:14034] (task_manage.cpp task_create:131)create task tid=[140345536939776], id=[2], name=[task_upgrade]
[0m
[32;22mD/TASK_MANAGE [09-1[36;22mI/NO_TAG   [09-18 00:01:06] uv-eventä»»åŠ¡åˆå§‹åŒ–å®Œæˆ...
[0m
8 00:01:06 tid:2672 tid:14034] (task_manage.cpp task_run:584)tid=[140345687049984], name=[task_manage] run
[0m
[32;22mD/TASK_MANAGE [09-18 00:01:06 tid:2672 tid:14034] (task_manage.cpp task_run:584)tid=[140345652414208], name=[task_uv_event] run
[0m
[32;22mD/TASK_MANAGE [09-18 00:01:06 tid:2672 tid:14034] (task_manage.cpp task_run:584)tid=[140345536939776], name=[task_upgrade] run
[0m
[32;22mD/NO_TAG   [09-18 00:01:06 tid:2672 tid:14034] (uv_event.cpp uv_event_run:64)run loop
[0m
[36;22mI/NETWORK  [09-18 00:01:06] sdk-uvç½‘ç»œä»»åŠ¡åˆå§‹åŒ–å®Œæˆ...
[0m
[32;22mD/TASK_MANAGE [09-18 00:01:06 tid:2672 tid:14034] (task_manage.cpp task_run:584)tid=[140345641862912], name=[task_sdk_uv_net] run
[0m
[36;22mI/elog     [09-18 00:02:22] EasyLogger V2.1.0 is initialize success.[0m
[36;22mI/COMMON   [09-18 00:02:22] æ—¥å¿—æ¨¡å—åˆå§‹åŒ–å®Œæˆ...[0m
[36;22mI/SYS_CAPABILITY [09-18 00:02:22] parser sys capability json success!
[0m
[32;22mD/SYS_CAPABILITY [09-18 00:02:22 tid:2733 tid:13980] (sys_capability.cpp sys_capability_init:108)sys_capability json : {
    "ai": {
        "enable": "true"
    },
    "service": {
        "network": {
            "support-layer": [
                "tcp",
                "udp"
            ],
            "support-version": [
                "ipv4"
            ]
        }
    }
}
[0m
[36;22mI/SYS_PARAMETER [09-18 00:02:22] sys parameter load success![0m
[32;22mD/TASK_MANAGE [09-18 00:02:22 tid:2733 tid:13980] (task_manage.cpp task_create:131)create task tid=[139806503962368], id=[1], name=[task_manage]
[0m
[36;22mI/TASK_MANAGE [09-18 00:02:22] ä»»åŠ¡ç®¡ç†åˆå§‹åŒ–å®Œæˆ...
[0m
[36;22mI/UPGRADE  [09-18 00:02:22] å‡çº§ä»»åŠ¡åˆå§‹åŒ–å®Œæˆ...
[0m
[32;22mD/TASK_MANAGE [09-18 00:02:22 tid:2733 tid:13980] (task_manage.cpp task_create:131)create task tid=[139806470440704], id=[0], name=[task_uv_event]
[0m
[32;22mD/TASK_MANAGE [09-18 00:02:22 tid:2733 tid:13980] (task_manage.cpp task_create:131)create task tid=[139806459889408], id=[0], name=[task_sdk_uv_net]
[0m
[32;22mD/TASK_MANAGE [09-18 00:02:22 tid:2733 tid:13980] (task_manage.cpp task_create:131)create task tid=[139806354966272], id=[2], name=[task_upgrade]
[0m
[32;22mD/TASK_MANAGE [09-1[36;22mI/NO_TAG   [09-18 00:02:22] uv-eventä»»åŠ¡åˆå§‹åŒ–å®Œæˆ...
[0m
8 00:02:22 tid:2733 tid:13980] (task_manage.cpp task_run:584)tid=[139806503962368], name=[task_manage] run
[0m
[32;22mD/TASK_MANAGE [09-18 00:02:22 tid:2733 tid:13980] (task_manage.cpp task_run:584)tid=[139806470440704], name=[task_uv_event] run
[0m
[32;22mD/TASK_MANAGE [09-18 00:02:22 tid:2733 tid:13980] (task_manage.cpp task_run:584)tid=[139806354966272], name=[task_upgrade] run
[0m
[32;22mD/TASK_MANAGE [09-18 00:02:22 tid:2733 tid:13980] (task_manage.cpp task_run:584)tid=[139806459889408], name[36;22mI/NETWORK  [09-18 00:02:22] sdk-uvç½‘ç»œä»»åŠ¡åˆå§‹åŒ–å®Œæˆ...
[0m
=[task_sdk_uv_net] run
[0m
